[+] Containers:
 |- [+] Container: /Game/TopDown/Maps/TopDownMap
 |   |- [+] ActorDescs:
 |   |   |- Guid:07810DB5476552C6ECC207B8FBE94500 BaseClass: NativeClass:/Script/Engine.StaticMeshActor Name:StaticMeshActor_UAID_A4AE111137DC5CFB00_1546167071 Label:SM_SkySphere SpatiallyLoaded:0 Bounds:IsValid=true, Min=(X=-1638400.000 Y=-1638400.000 Z=-1638400.000), Max=(X=1638400.000 Y=1638400.000 Z=1638400.000) RuntimeGrid:None EditorOnly:0 RuntimeOnly:0 HLODRelevant:1 ListedInSceneOutliner:1 IsMainWorldOnly:0 FolderPath:Lighting FolderGuid:E13570EE436BA15E35C622BAA5B21164
 |   |   |- Guid:0CE0FF864968A834BC3B6DBC446780DE BaseClass: NativeClass:/Script/Engine.StaticMeshActor Name:StaticMeshActor_UAID_2CF05D8673CAE15A02_2017334166 Label:struct_floor_normal29 SpatiallyLoaded:1 Bounds:IsValid=true, Min=(X=2245.000 Y=325.000 Z=-30.000), Max=(X=2495.000 Y=575.000 Z=20.000) RuntimeGrid:None EditorOnly:0 RuntimeOnly:0 HLODRelevant:1 ListedInSceneOutliner:1 IsMainWorldOnly:0
 |   |   |- Guid:0EE0E5D1466B2603910C569929142127 BaseClass: NativeClass:/Script/Engine.StaticMeshActor Name:StaticMeshActor_39 Label:SM_Cube5 SpatiallyLoaded:1 Bounds:IsValid=true, Min=(X=-0.000 Y=100.000 Z=0.000), Max=(X=100.000 Y=3400.000 Z=400.000) RuntimeGrid:None EditorOnly:0 RuntimeOnly:0 HLODRelevant:1 ListedInSceneOutliner:1 IsMainWorldOnly:0 FolderPath:Playground FolderGuid:8746DDAD42A18A3736DBE9BBB77675E5
 |   |   |- Guid:10AAC4FF47E58DE923EBD48729191142 BaseClass: NativeClass:/Script/Engine.StaticMeshActor Name:StaticMeshActor_UAID_2CF05D8673CAE15A02_1448224145 Label:struct_floor_normal8 SpatiallyLoaded:1 Bounds:IsValid=true, Min=(X=2495.000 Y=1075.000 Z=-30.000), Max=(X=2745.000 Y=1325.000 Z=20.000) RuntimeGrid:None EditorOnly:0 RuntimeOnly:0 HLODRelevant:1 ListedInSceneOutliner:1 IsMainWorldOnly:0
 |   |   |- Guid:124EE53143C875A1C4F174B08C31D407 BaseClass: NativeClass:/Script/Engine.SkyAtmosphere Name:SkyAtmosphere_1 Label:SkyAtmosphere SpatiallyLoaded:0 Bounds:IsValid=true, Min=(X=0.000 Y=0.000 Z=1020.000), Max=(X=0.000 Y=0.000 Z=1020.000) RuntimeGrid:None EditorOnly:0 RuntimeOnly:0 HLODRelevant:0 ListedInSceneOutliner:1 IsMainWorldOnly:0 FolderPath:Lighting FolderGuid:E13570EE436BA15E35C622BAA5B21164
 |   |   |- Guid:1A013F6D454DDAB5AD8E77B766ED9FAD BaseClass: NativeClass:/Script/Engine.ExponentialHeightFog Name:ExponentialHeightFog_1 Label:ExponentialHeightFog SpatiallyLoaded:0 Bounds:IsValid=true, Min=(X=-5600.000 Y=-50.000 Z=-6850.000), Max=(X=-5600.000 Y=-50.000 Z=-6850.000) RuntimeGrid:None EditorOnly:0 RuntimeOnly:0 HLODRelevant:0 ListedInSceneOutliner:1 IsMainWorldOnly:0 FolderPath:Lighting FolderGuid:E13570EE436BA15E35C622BAA5B21164
 |   |   |- Guid:2620EF4E4F5C2AE8A4751EBD3CE0A29A BaseClass: NativeClass:/Script/Engine.StaticMeshActor Name:StaticMeshActor_UAID_2CF05D8673CAE15A02_2017329160 Label:struct_floor_normal23 SpatiallyLoaded:1 Bounds:IsValid=true, Min=(X=2745.000 Y=75.000 Z=-30.000), Max=(X=2995.000 Y=325.000 Z=20.000) RuntimeGrid:None EditorOnly:0 RuntimeOnly:0 HLODRelevant:1 ListedInSceneOutliner:1 IsMainWorldOnly:0
 |   |   |- Guid:2D35D16542032F78BA8C8AB1CC4FA726 BaseClass: NativeClass:/Script/Engine.PlayerStart Name:PlayerStart_1 Label:PlayerStart SpatiallyLoaded:0 Bounds:IsValid=true, Min=(X=1270.000 Y=1380.000 Z=120.013), Max=(X=1350.000 Y=1460.000 Z=304.013) RuntimeGrid:None EditorOnly:0 RuntimeOnly:0 HLODRelevant:0 ListedInSceneOutliner:1 IsMainWorldOnly:0
 |   |   |- Guid:352CED7D45677D7ABD7CF1BC3D437BBC BaseClass: NativeClass:/Script/Engine.StaticMeshActor Name:StaticMeshActor_UAID_2CF05D8673CAE15A02_2017332163 Label:struct_floor_normal26 SpatiallyLoaded:1 Bounds:IsValid=true, Min=(X=1995.000 Y=825.000 Z=-30.000), Max=(X=2245.000 Y=1075.000 Z=20.000) RuntimeGrid:None EditorOnly:0 RuntimeOnly:0 HLODRelevant:1 ListedInSceneOutliner:1 IsMainWorldOnly:0
 |   |   |- Guid:3AA00CC7473B3AB860032482C86F1357 BaseClass: NativeClass:/Script/Engine.SkyLight Name:SkyLight_1 Label:SkyLight SpatiallyLoaded:0 Bounds:IsValid=true, Min=(X=0.000 Y=0.000 Z=690.000), Max=(X=0.000 Y=0.000 Z=690.000) RuntimeGrid:None EditorOnly:0 RuntimeOnly:0 HLODRelevant:0 ListedInSceneOutliner:1 IsMainWorldOnly:0 FolderPath:Lighting FolderGuid:E13570EE436BA15E35C622BAA5B21164
 |   |   |- Guid:3BE74C2446B149C81110A785523E01D6 BaseClass: NativeClass:/Script/Engine.StaticMeshActor Name:StaticMeshActor_UAID_2CF05D8673CAE15A02_2023569178 Label:struct_floor_normal41 SpatiallyLoaded:1 Bounds:IsValid=true, Min=(X=2245.000 Y=2825.000 Z=-30.000), Max=(X=2495.000 Y=3075.000 Z=20.000) RuntimeGrid:None EditorOnly:0 RuntimeOnly:0 HLODRelevant:1 ListedInSceneOutliner:1 IsMainWorldOnly:0
 |   |   |- Guid:3FF16F284193F78FCD2DF1ADBB2511BB BaseClass: NativeClass:/Script/Engine.StaticMeshActor Name:StaticMeshActor_UAID_2CF05D8673CAE15A02_2017324155 Label:struct_floor_normal18 SpatiallyLoaded:1 Bounds:IsValid=true, Min=(X=2495.000 Y=825.000 Z=-30.000), Max=(X=2745.000 Y=1075.000 Z=20.000) RuntimeGrid:None EditorOnly:0 RuntimeOnly:0 HLODRelevant:1 ListedInSceneOutliner:1 IsMainWorldOnly:0
 |   |   |- Guid:4D7DBB804AB63201FB99DBB6E799780A BaseClass: NativeClass:/Script/Engine.StaticMeshActor Name:StaticMeshActor_UAID_2CF05D8673CAE15A02_2017327158 Label:struct_floor_normal21 SpatiallyLoaded:1 Bounds:IsValid=true, Min=(X=2745.000 Y=325.000 Z=-30.000), Max=(X=2995.000 Y=575.000 Z=20.000) RuntimeGrid:None EditorOnly:0 RuntimeOnly:0 HLODRelevant:1 ListedInSceneOutliner:1 IsMainWorldOnly:0
 |   |   |- Guid:4F1C629C4D93C6BDA753BEADFCA12BD5 BaseClass: NativeClass:/Script/Engine.StaticMeshActor Name:StaticMeshActor_UAID_2CF05D8673CAE15A02_1088388136 Label:struct_floor_normal SpatiallyLoaded:1 Bounds:IsValid=true, Min=(X=2745.000 Y=1825.000 Z=-30.000), Max=(X=2995.000 Y=2075.000 Z=20.000) RuntimeGrid:None EditorOnly:0 RuntimeOnly:0 HLODRelevant:1 ListedInSceneOutliner:1 IsMainWorldOnly:0
 |   |   |- Guid:505B4ED943FA99164AF46CAED7EC7B12 BaseClass: NativeClass:/Script/Engine.StaticMeshActor Name:StaticMeshActor_34 Label:SM_Cube SpatiallyLoaded:1 Bounds:IsValid=true, Min=(X=0.000 Y=-10.000 Z=-50.000), Max=(X=3000.000 Y=3490.000 Z=0.000) RuntimeGrid:None EditorOnly:0 RuntimeOnly:0 HLODRelevant:1 ListedInSceneOutliner:1 IsMainWorldOnly:0 FolderPath:Playground FolderGuid:8746DDAD42A18A3736DBE9BBB77675E5
 |   |   |- Guid:53BC3C72427A473D8A6C0E97D5C5A8A6 BaseClass: NativeClass:/Script/Engine.StaticMeshActor Name:StaticMeshActor_UAID_2CF05D8673CAE15A02_1452401149 Label:struct_floor_normal12 SpatiallyLoaded:1 Bounds:IsValid=true, Min=(X=1995.000 Y=1575.000 Z=-30.000), Max=(X=2245.000 Y=1825.000 Z=20.000) RuntimeGrid:None EditorOnly:0 RuntimeOnly:0 HLODRelevant:1 ListedInSceneOutliner:1 IsMainWorldOnly:0
 |   |   |- Guid:5635C4FD44E53D7591C1BCB7FABBC762 BaseClass: NativeClass:/Script/Engine.StaticMeshActor Name:StaticMeshActor_UAID_2CF05D8673CAE15A02_2023574184 Label:struct_floor_normal47 SpatiallyLoaded:1 Bounds:IsValid=true, Min=(X=2245.000 Y=2075.000 Z=-30.000), Max=(X=2495.000 Y=2325.000 Z=20.000) RuntimeGrid:None EditorOnly:0 RuntimeOnly:0 HLODRelevant:1 ListedInSceneOutliner:1 IsMainWorldOnly:0
 |   |   |- Guid:57FAD02D4E64839E0DDBEE822C3369AE BaseClass: NativeClass:/Script/Engine.StaticMeshActor Name:StaticMeshActor_UAID_2CF05D8673CAE15A02_2023566175 Label:struct_floor_normal38 SpatiallyLoaded:1 Bounds:IsValid=true, Min=(X=2495.000 Y=2325.000 Z=-30.000), Max=(X=2745.000 Y=2575.000 Z=20.000) RuntimeGrid:None EditorOnly:0 RuntimeOnly:0 HLODRelevant:1 ListedInSceneOutliner:1 IsMainWorldOnly:0
 |   |   |- Guid:59656BA4439E294139DB159C7974F5B7 BaseClass: NativeClass:/Script/Engine.StaticMeshActor Name:StaticMeshActor_UAID_2CF05D8673CAE15A02_1452401148 Label:struct_floor_normal11 SpatiallyLoaded:1 Bounds:IsValid=true, Min=(X=2245.000 Y=1575.000 Z=-30.000), Max=(X=2495.000 Y=1825.000 Z=20.000) RuntimeGrid:None EditorOnly:0 RuntimeOnly:0 HLODRelevant:1 ListedInSceneOutliner:1 IsMainWorldOnly:0
 |   |   |- Guid:5BD5B09945DC2E5BD35806BD8416C085 BaseClass: NativeClass:/Script/Engine.StaticMeshActor Name:StaticMeshActor_UAID_2CF05D8673CAE15A02_1452405153 Label:struct_floor_normal16 SpatiallyLoaded:1 Bounds:IsValid=true, Min=(X=1995.000 Y=1075.000 Z=-30.000), Max=(X=2245.000 Y=1325.000 Z=20.000) RuntimeGrid:None EditorOnly:0 RuntimeOnly:0 HLODRelevant:1 ListedInSceneOutliner:1 IsMainWorldOnly:0
 |   |   |- Guid:5CEE0D9C4D035352C3268A8991774822 BaseClass: NativeClass:/Script/Engine.StaticMeshActor Name:StaticMeshActor_UAID_2CF05D8673CAE15A02_1307113138 Label:struct_floor_normal3 SpatiallyLoaded:1 Bounds:IsValid=true, Min=(X=2495.000 Y=1825.000 Z=-30.000), Max=(X=2745.000 Y=2075.000 Z=20.000) RuntimeGrid:None EditorOnly:0 RuntimeOnly:0 HLODRelevant:1 ListedInSceneOutliner:1 IsMainWorldOnly:0
 |   |   |- Guid:5E1FB52E4C57A1B7E61B52A49B2AC7A4 BaseClass: NativeClass:/Script/Engine.StaticMeshActor Name:StaticMeshActor_UAID_2CF05D8673CAE15A02_2017335167 Label:struct_floor_normal30 SpatiallyLoaded:1 Bounds:IsValid=true, Min=(X=1995.000 Y=325.000 Z=-30.000), Max=(X=2245.000 Y=575.000 Z=20.000) RuntimeGrid:None EditorOnly:0 RuntimeOnly:0 HLODRelevant:1 ListedInSceneOutliner:1 IsMainWorldOnly:0
 |   |   |- Guid:675B2CB44F89E6BA6303DC985B5BFB1F BaseClass: NativeClass:/Script/Engine.StaticMeshActor Name:StaticMeshActor_UAID_2CF05D8673CAE15A02_2023565174 Label:struct_floor_normal37 SpatiallyLoaded:1 Bounds:IsValid=true, Min=(X=2745.000 Y=2325.000 Z=-30.000), Max=(X=2995.000 Y=2575.000 Z=20.000) RuntimeGrid:None EditorOnly:0 RuntimeOnly:0 HLODRelevant:1 ListedInSceneOutliner:1 IsMainWorldOnly:0
 |   |   |- Guid:6CFE69CB41732F0CDEB04A85666FA67E BaseClass: NativeClass:/Script/Engine.WorldDataLayers Name:WorldDataLayers Label:WorldDataLayers-1 SpatiallyLoaded:0 Bounds:IsValid=true, Min=(X=0.000 Y=0.000 Z=0.000), Max=(X=0.000 Y=0.000 Z=0.000) RuntimeGrid:None EditorOnly:0 RuntimeOnly:0 HLODRelevant:0 ListedInSceneOutliner:1 IsMainWorldOnly:1
 |   |   |- Guid:6EFEB9A747935E5C1D9CCC90537D043C BaseClass: NativeClass:/Script/Engine.StaticMeshActor Name:StaticMeshActor_UAID_2CF05D8673CAE15A02_1452404152 Label:struct_floor_normal15 SpatiallyLoaded:1 Bounds:IsValid=true, Min=(X=2245.000 Y=1075.000 Z=-30.000), Max=(X=2495.000 Y=1325.000 Z=20.000) RuntimeGrid:None EditorOnly:0 RuntimeOnly:0 HLODRelevant:1 ListedInSceneOutliner:1 IsMainWorldOnly:0
 |   |   |- Guid:74C6325D4AA96B7C3C96B88C90980CAF BaseClass: NativeClass:/Script/Engine.StaticMeshActor Name:StaticMeshActor_UAID_2CF05D8673CAE15A02_2023570179 Label:struct_floor_normal42 SpatiallyLoaded:1 Bounds:IsValid=true, Min=(X=1995.000 Y=2825.000 Z=-30.000), Max=(X=2245.000 Y=3075.000 Z=20.000) RuntimeGrid:None EditorOnly:0 RuntimeOnly:0 HLODRelevant:1 ListedInSceneOutliner:1 IsMainWorldOnly:0
 |   |   |- Guid:752F5FE9404877A9CA1AC88AE3AB657D BaseClass: NativeClass:/Script/Engine.StaticMeshActor Name:StaticMeshActor_UAID_2CF05D8673CAE15A02_2023576185 Label:struct_floor_normal48 SpatiallyLoaded:1 Bounds:IsValid=true, Min=(X=1995.000 Y=2075.000 Z=-30.000), Max=(X=2245.000 Y=2325.000 Z=20.000) RuntimeGrid:None EditorOnly:0 RuntimeOnly:0 HLODRelevant:1 ListedInSceneOutliner:1 IsMainWorldOnly:0
 |   |   |- Guid:7C4C646D44873998FDCD20B9A9FDE380 BaseClass: NativeClass:/Script/Engine.StaticMeshActor Name:StaticMeshActor_UAID_2CF05D8673CAE15A02_2017328159 Label:struct_floor_normal22 SpatiallyLoaded:1 Bounds:IsValid=true, Min=(X=2495.000 Y=325.000 Z=-30.000), Max=(X=2745.000 Y=575.000 Z=20.000) RuntimeGrid:None EditorOnly:0 RuntimeOnly:0 HLODRelevant:1 ListedInSceneOutliner:1 IsMainWorldOnly:0
 |   |   |- Guid:88596CFC44B366241B492EAEBB61D564 BaseClass: NativeClass:/Script/Engine.StaticMeshActor Name:StaticMeshActor_UAID_2CF05D8673CAE15A02_2023568177 Label:struct_floor_normal40 SpatiallyLoaded:1 Bounds:IsValid=true, Min=(X=2495.000 Y=2075.000 Z=-30.000), Max=(X=2745.000 Y=2325.000 Z=20.000) RuntimeGrid:None EditorOnly:0 RuntimeOnly:0 HLODRelevant:1 ListedInSceneOutliner:1 IsMainWorldOnly:0
 |   |   |- Guid:8FC08CCE4610FA254B07EABFF4ED05B8 BaseClass: NativeClass:/Script/Engine.StaticMeshActor Name:StaticMeshActor_UAID_2CF05D8673CAE15A02_1444798141 Label:struct_floor_normal4 SpatiallyLoaded:1 Bounds:IsValid=true, Min=(X=2495.000 Y=1575.000 Z=-30.000), Max=(X=2745.000 Y=1825.000 Z=20.000) RuntimeGrid:None EditorOnly:0 RuntimeOnly:0 HLODRelevant:1 ListedInSceneOutliner:1 IsMainWorldOnly:0
 |   |   |- Guid:93EA14524EE6D37B51F076A4A2ECAABE BaseClass: NativeClass:/Script/Engine.StaticMeshActor Name:StaticMeshActor_UAID_2CF05D8673CAE15A02_2023562171 Label:struct_floor_normal34 SpatiallyLoaded:1 Bounds:IsValid=true, Min=(X=2495.000 Y=2825.000 Z=-30.000), Max=(X=2745.000 Y=3075.000 Z=20.000) RuntimeGrid:None EditorOnly:0 RuntimeOnly:0 HLODRelevant:1 ListedInSceneOutliner:1 IsMainWorldOnly:0
 |   |   |- Guid:94B2A93C4F3ADED267EA27827AD5185E BaseClass: NativeClass:/Script/Engine.StaticMeshActor Name:StaticMeshActor_UAID_2CF05D8673CAE15A02_2023573183 Label:struct_floor_normal46 SpatiallyLoaded:1 Bounds:IsValid=true, Min=(X=1995.000 Y=2325.000 Z=-30.000), Max=(X=2245.000 Y=2575.000 Z=20.000) RuntimeGrid:None EditorOnly:0 RuntimeOnly:0 HLODRelevant:1 ListedInSceneOutliner:1 IsMainWorldOnly:0
 |   |   |- Guid:963169944433A544D75FF79A1B9FC159 BaseClass: NativeClass:/Script/NavigationSystem.NavMeshBoundsVolume Name:NavMeshBoundsVolume_1 Label:NavMeshBoundsVolume SpatiallyLoaded:0 Bounds:IsValid=true, Min=(X=-100.000 Y=-100.000 Z=-110.000), Max=(X=3100.000 Y=3600.000 Z=390.000) RuntimeGrid:None EditorOnly:0 RuntimeOnly:0 HLODRelevant:0 ListedInSceneOutliner:1 IsMainWorldOnly:0 FolderPath:Navigation FolderGuid:5FBB7B1041A3902AEFBB4E87AA1D500F
 |   |   |- Guid:A235B9B0424F5B7D3AFF12B7D0EDC04D BaseClass: NativeClass:/Script/Engine.StaticMeshActor Name:StaticMeshActor_UAID_2CF05D8673CAE15A02_1444795140 Label:struct_floor_normal2 SpatiallyLoaded:1 Bounds:IsValid=true, Min=(X=2745.000 Y=1575.000 Z=-30.000), Max=(X=2995.000 Y=1825.000 Z=20.000) RuntimeGrid:None EditorOnly:0 RuntimeOnly:0 HLODRelevant:1 ListedInSceneOutliner:1 IsMainWorldOnly:0
 |   |   |- Guid:A45756D6495C3CBE8AA73EAD039CE983 BaseClass: NativeClass:/Script/Engine.StaticMeshActor Name:StaticMeshActor_35 Label:SM_Cube2 SpatiallyLoaded:1 Bounds:IsValid=true, Min=(X=0.000 Y=0.000 Z=0.000), Max=(X=3000.000 Y=100.000 Z=400.000) RuntimeGrid:None EditorOnly:0 RuntimeOnly:0 HLODRelevant:1 ListedInSceneOutliner:1 IsMainWorldOnly:0 FolderPath:Playground FolderGuid:8746DDAD42A18A3736DBE9BBB77675E5
 |   |   |- Guid:ABADB9564807D84782A777845E21FBCD BaseClass: NativeClass:/Script/Engine.StaticMeshActor Name:StaticMeshActor_UAID_2CF05D8673CAE15A02_1448222143 Label:struct_floor_normal6 SpatiallyLoaded:1 Bounds:IsValid=true, Min=(X=2495.000 Y=1325.000 Z=-30.000), Max=(X=2745.000 Y=1575.000 Z=20.000) RuntimeGrid:None EditorOnly:0 RuntimeOnly:0 HLODRelevant:1 ListedInSceneOutliner:1 IsMainWorldOnly:0
 |   |   |- Guid:B3868A4B41C50D73DA63A9969C41BB81 BaseClass: NativeClass:/Script/Engine.StaticMeshActor Name:StaticMeshActor_UAID_2CF05D8673CAE15A02_1448220142 Label:struct_floor_normal5 SpatiallyLoaded:1 Bounds:IsValid=true, Min=(X=2745.000 Y=1325.000 Z=-30.000), Max=(X=2995.000 Y=1575.000 Z=20.000) RuntimeGrid:None EditorOnly:0 RuntimeOnly:0 HLODRelevant:1 ListedInSceneOutliner:1 IsMainWorldOnly:0
 |   |   |- Guid:B521469A45C0E0DA104F8EACD7A7F4B8 BaseClass: NativeClass:/Script/Engine.StaticMeshActor Name:StaticMeshActor_UAID_2CF05D8673CAE15A02_2023572182 Label:struct_floor_normal45 SpatiallyLoaded:1 Bounds:IsValid=true, Min=(X=2245.000 Y=2325.000 Z=-30.000), Max=(X=2495.000 Y=2575.000 Z=20.000) RuntimeGrid:None EditorOnly:0 RuntimeOnly:0 HLODRelevant:1 ListedInSceneOutliner:1 IsMainWorldOnly:0
 |   |   |- Guid:B6A022D34B9C97E27073FEAB0F42A695 BaseClass: NativeClass:/Script/Engine.CameraActor Name:CameraActor_UAID_2CF05D8673CA335302_1348738124 Label:GameCamera SpatiallyLoaded:1 Bounds:IsValid=true, Min=(X=2140.000 Y=1580.000 Z=60.000), Max=(X=2140.000 Y=1580.000 Z=60.000) RuntimeGrid:None EditorOnly:0 RuntimeOnly:0 HLODRelevant:0 ListedInSceneOutliner:1 IsMainWorldOnly:0
 |   |   |- Guid:B75FA043415C09FEF631EABEFD28A476 BaseClass: NativeClass:/Script/Engine.StaticMeshActor Name:StaticMeshActor_UAID_2CF05D8673CAE15A02_2023567176 Label:struct_floor_normal39 SpatiallyLoaded:1 Bounds:IsValid=true, Min=(X=2745.000 Y=2075.000 Z=-30.000), Max=(X=2995.000 Y=2325.000 Z=20.000) RuntimeGrid:None EditorOnly:0 RuntimeOnly:0 HLODRelevant:1 ListedInSceneOutliner:1 IsMainWorldOnly:0
 |   |   |- Guid:BB0148CE4BBDF2B4C09D52B391BC505F BaseClass: NativeClass:/Script/Engine.StaticMeshActor Name:StaticMeshActor_UAID_2CF05D8673CAE15A02_2017326157 Label:struct_floor_normal20 SpatiallyLoaded:1 Bounds:IsValid=true, Min=(X=2495.000 Y=575.000 Z=-30.000), Max=(X=2745.000 Y=825.000 Z=20.000) RuntimeGrid:None EditorOnly:0 RuntimeOnly:0 HLODRelevant:1 ListedInSceneOutliner:1 IsMainWorldOnly:0
 |   |   |- Guid:BB3DD72B42CABE59D8C569B16E30EC9B BaseClass: NativeClass:/Script/Engine.StaticMeshActor Name:StaticMeshActor_UAID_2CF05D8673CAE15A02_2017325156 Label:struct_floor_normal19 SpatiallyLoaded:1 Bounds:IsValid=true, Min=(X=2745.000 Y=575.000 Z=-30.000), Max=(X=2995.000 Y=825.000 Z=20.000) RuntimeGrid:None EditorOnly:0 RuntimeOnly:0 HLODRelevant:1 ListedInSceneOutliner:1 IsMainWorldOnly:0
 |   |   |- Guid:BB4073714B41E9CCA5C8A38D30E3EB6B BaseClass: NativeClass:/Script/Engine.StaticMeshActor Name:StaticMeshActor_UAID_2CF05D8673CAE15A02_1452403151 Label:struct_floor_normal14 SpatiallyLoaded:1 Bounds:IsValid=true, Min=(X=1995.000 Y=1325.000 Z=-30.000), Max=(X=2245.000 Y=1575.000 Z=20.000) RuntimeGrid:None EditorOnly:0 RuntimeOnly:0 HLODRelevant:1 ListedInSceneOutliner:1 IsMainWorldOnly:0
 |   |   |- Guid:BC0BA1C14A7F25A45057D883635A24CA BaseClass: NativeClass:/Script/Engine.StaticMeshActor Name:StaticMeshActor_UAID_2CF05D8673CAE15A02_1448222144 Label:struct_floor_normal7 SpatiallyLoaded:1 Bounds:IsValid=true, Min=(X=2745.000 Y=1075.000 Z=-30.000), Max=(X=2995.000 Y=1325.000 Z=20.000) RuntimeGrid:None EditorOnly:0 RuntimeOnly:0 HLODRelevant:1 ListedInSceneOutliner:1 IsMainWorldOnly:0
 |   |   |- Guid:BC9F05DA4F26FE20B8ADBEAC803D9E07 BaseClass: NativeClass:/Script/Engine.PostProcessVolume Name:PostProcessVolume_1 Label:PostProcessVolume SpatiallyLoaded:0 Bounds:IsValid=true, Min=(X=0.000 Y=0.000 Z=400.000), Max=(X=200.000 Y=200.000 Z=600.000) RuntimeGrid:None EditorOnly:0 RuntimeOnly:0 HLODRelevant:0 ListedInSceneOutliner:1 IsMainWorldOnly:0 FolderPath:Lighting FolderGuid:E13570EE436BA15E35C622BAA5B21164
 |   |   |- Guid:C1F343BF47546FC406FC86B4815E25C6 BaseClass: NativeClass:/Script/Engine.DirectionalLight Name:DirectionalLight_1 Label:DirectionalLight SpatiallyLoaded:0 Bounds:IsValid=true, Min=(X=-1048576.000 Y=-1048576.000 Z=-1048576.000), Max=(X=1048576.000 Y=1048576.000 Z=1048576.000) RuntimeGrid:None EditorOnly:0 RuntimeOnly:0 HLODRelevant:0 ListedInSceneOutliner:1 IsMainWorldOnly:0 FolderPath:Lighting FolderGuid:E13570EE436BA15E35C622BAA5B21164
 |   |   |- Guid:C34951BF4122F0B4C088C3B5A709BDA6 BaseClass: NativeClass:/Script/Engine.StaticMeshActor Name:StaticMeshActor_UAID_2CF05D8673CAE15A02_2017331162 Label:struct_floor_normal25 SpatiallyLoaded:1 Bounds:IsValid=true, Min=(X=2245.000 Y=825.000 Z=-30.000), Max=(X=2495.000 Y=1075.000 Z=20.000) RuntimeGrid:None EditorOnly:0 RuntimeOnly:0 HLODRelevant:1 ListedInSceneOutliner:1 IsMainWorldOnly:0
 |   |   |- Guid:C934D1C24C022F5805D273B4980504AA BaseClass: NativeClass:/Script/Engine.StaticMeshActor Name:StaticMeshActor_UAID_2CF05D8673CAE15A02_2017333164 Label:struct_floor_normal27 SpatiallyLoaded:1 Bounds:IsValid=true, Min=(X=2245.000 Y=575.000 Z=-30.000), Max=(X=2495.000 Y=825.000 Z=20.000) RuntimeGrid:None EditorOnly:0 RuntimeOnly:0 HLODRelevant:1 ListedInSceneOutliner:1 IsMainWorldOnly:0
 |   |   |- Guid:CA5D8F57409F2BA6009C64BB25330096 BaseClass: NativeClass:/Script/Engine.StaticMeshActor Name:StaticMeshActor_UAID_2CF05D8673CAE15A02_2017336168 Label:struct_floor_normal31 SpatiallyLoaded:1 Bounds:IsValid=true, Min=(X=2245.000 Y=75.000 Z=-30.000), Max=(X=2495.000 Y=325.000 Z=20.000) RuntimeGrid:None EditorOnly:0 RuntimeOnly:0 HLODRelevant:1 ListedInSceneOutliner:1 IsMainWorldOnly:0
 |   |   |- Guid:CDD22A5C4C6960C480FD058C758616DF BaseClass: NativeClass:/Script/Engine.StaticMeshActor Name:StaticMeshActor_UAID_2CF05D8673CAE15A02_2023570180 Label:struct_floor_normal43 SpatiallyLoaded:1 Bounds:IsValid=true, Min=(X=2245.000 Y=2575.000 Z=-30.000), Max=(X=2495.000 Y=2825.000 Z=20.000) RuntimeGrid:None EditorOnly:0 RuntimeOnly:0 HLODRelevant:1 ListedInSceneOutliner:1 IsMainWorldOnly:0
 |   |   |- Guid:D6D546524D7656F702B4E4831F04A03B BaseClass: NativeClass:/Script/Engine.StaticMeshActor Name:StaticMeshActor_UAID_2CF05D8673CAE15A02_2023571181 Label:struct_floor_normal44 SpatiallyLoaded:1 Bounds:IsValid=true, Min=(X=1995.000 Y=2575.000 Z=-30.000), Max=(X=2245.000 Y=2825.000 Z=20.000) RuntimeGrid:None EditorOnly:0 RuntimeOnly:0 HLODRelevant:1 ListedInSceneOutliner:1 IsMainWorldOnly:0
 |   |   |- Guid:D71E638F441AAFB7A5153591F6A0062B BaseClass: NativeClass:/Script/Engine.CameraActor Name:CameraActor_UAID_2CF05D8673CA325302_1186213947 Label:MainMenuCamera SpatiallyLoaded:1 Bounds:IsValid=true, Min=(X=1070.000 Y=360.000 Z=150.000), Max=(X=1070.000 Y=360.000 Z=150.000) RuntimeGrid:None EditorOnly:0 RuntimeOnly:0 HLODRelevant:0 ListedInSceneOutliner:1 IsMainWorldOnly:0
 |   |   |- Guid:D822DE31479CA53A5C4A1581F7F802D4 BaseClass: NativeClass:/Script/Engine.StaticMeshActor Name:StaticMeshActor_UAID_2CF05D8673CAE15A02_1452400147 Label:struct_floor_normal10 SpatiallyLoaded:1 Bounds:IsValid=true, Min=(X=1995.000 Y=1825.000 Z=-30.000), Max=(X=2245.000 Y=2075.000 Z=20.000) RuntimeGrid:None EditorOnly:0 RuntimeOnly:0 HLODRelevant:1 ListedInSceneOutliner:1 IsMainWorldOnly:0
 |   |   |- Guid:D88DBF174F0AAA4A2C9AB9AEC1F0F632 BaseClass: NativeClass:/Script/Engine.StaticMeshActor Name:StaticMeshActor_UAID_2CF05D8673CAE15A02_2023564173 Label:struct_floor_normal36 SpatiallyLoaded:1 Bounds:IsValid=true, Min=(X=2495.000 Y=2575.000 Z=-30.000), Max=(X=2745.000 Y=2825.000 Z=20.000) RuntimeGrid:None EditorOnly:0 RuntimeOnly:0 HLODRelevant:1 ListedInSceneOutliner:1 IsMainWorldOnly:0
 |   |   |- Guid:D8ACB1AB4E5AD4B115EDA2916E330401 BaseClass: NativeClass:/Script/Engine.StaticMeshActor Name:StaticMeshActor_UAID_2CF05D8673CAE15A02_2017321154 Label:struct_floor_normal17 SpatiallyLoaded:1 Bounds:IsValid=true, Min=(X=2745.000 Y=825.000 Z=-30.000), Max=(X=2995.000 Y=1075.000 Z=20.000) RuntimeGrid:None EditorOnly:0 RuntimeOnly:0 HLODRelevant:1 ListedInSceneOutliner:1 IsMainWorldOnly:0
 |   |   |- Guid:DF2E06C642DFB04DA868258FCF0A241D BaseClass: NativeClass:/Script/Engine.StaticMeshActor Name:StaticMeshActor_UAID_2CF05D8673CAE15A02_2017337169 Label:struct_floor_normal32 SpatiallyLoaded:1 Bounds:IsValid=true, Min=(X=1995.000 Y=75.000 Z=-30.000), Max=(X=2245.000 Y=325.000 Z=20.000) RuntimeGrid:None EditorOnly:0 RuntimeOnly:0 HLODRelevant:1 ListedInSceneOutliner:1 IsMainWorldOnly:0
 |   |   |- Guid:E596A11947642E1DE9ECF5815B3B369F BaseClass: NativeClass:/Script/Engine.StaticMeshActor Name:StaticMeshActor_UAID_2CF05D8673CAE15A02_2023560170 Label:struct_floor_normal33 SpatiallyLoaded:1 Bounds:IsValid=true, Min=(X=2745.000 Y=2825.000 Z=-30.000), Max=(X=2995.000 Y=3075.000 Z=20.000) RuntimeGrid:None EditorOnly:0 RuntimeOnly:0 HLODRelevant:1 ListedInSceneOutliner:1 IsMainWorldOnly:0
 |   |   |- Guid:E92B029A43F3DD683C1B2481BF7B68DE BaseClass: NativeClass:/Script/Engine.VolumetricCloud Name:VolumetricCloud_1 Label:VolumetricCloud SpatiallyLoaded:0 Bounds:IsValid=true, Min=(X=0.000 Y=0.000 Z=820.000), Max=(X=0.000 Y=0.000 Z=820.000) RuntimeGrid:None EditorOnly:0 RuntimeOnly:0 HLODRelevant:0 ListedInSceneOutliner:1 IsMainWorldOnly:0 FolderPath:Lighting FolderGuid:E13570EE436BA15E35C622BAA5B21164
 |   |   |- Guid:ED15A9BA4E2CD63A3F036BBD0CBD726A BaseClass: NativeClass:/Script/Engine.StaticMeshActor Name:StaticMeshActor_UAID_2CF05D8673CAE15A02_2017334165 Label:struct_floor_normal28 SpatiallyLoaded:1 Bounds:IsValid=true, Min=(X=1995.000 Y=575.000 Z=-30.000), Max=(X=2245.000 Y=825.000 Z=20.000) RuntimeGrid:None EditorOnly:0 RuntimeOnly:0 HLODRelevant:1 ListedInSceneOutliner:1 IsMainWorldOnly:0
 |   |   |- Guid:F32F4F7F4F80A5D37A5EE09525600F73 BaseClass: NativeClass:/Script/Engine.StaticMeshActor Name:StaticMeshActor_UAID_2CF05D8673CAE15A02_2023563172 Label:struct_floor_normal35 SpatiallyLoaded:1 Bounds:IsValid=true, Min=(X=2745.000 Y=2575.000 Z=-30.000), Max=(X=2995.000 Y=2825.000 Z=20.000) RuntimeGrid:None EditorOnly:0 RuntimeOnly:0 HLODRelevant:1 ListedInSceneOutliner:1 IsMainWorldOnly:0
 |   |   |- Guid:FBFB4FF247729745D1A1EF9C934B7339 BaseClass: NativeClass:/Script/Engine.StaticMeshActor Name:StaticMeshActor_UAID_2CF05D8673CAE15A02_2017330161 Label:struct_floor_normal24 SpatiallyLoaded:1 Bounds:IsValid=true, Min=(X=2495.000 Y=75.000 Z=-30.000), Max=(X=2745.000 Y=325.000 Z=20.000) RuntimeGrid:None EditorOnly:0 RuntimeOnly:0 HLODRelevant:1 ListedInSceneOutliner:1 IsMainWorldOnly:0
 |   |   |- Guid:FD4AF09F4942F6E8F3D8DCB2017D7CF5 BaseClass: NativeClass:/Script/Engine.StaticMeshActor Name:StaticMeshActor_UAID_2CF05D8673CAE15A02_1452402150 Label:struct_floor_normal13 SpatiallyLoaded:1 Bounds:IsValid=true, Min=(X=2245.000 Y=1325.000 Z=-30.000), Max=(X=2495.000 Y=1575.000 Z=20.000) RuntimeGrid:None EditorOnly:0 RuntimeOnly:0 HLODRelevant:1 ListedInSceneOutliner:1 IsMainWorldOnly:0
 |   |   |- Guid:FE4F9F4044D3F2F9C3F6629B135091C3 BaseClass: NativeClass:/Script/Engine.StaticMeshActor Name:StaticMeshActor_36 Label:SM_Cube3 SpatiallyLoaded:1 Bounds:IsValid=true, Min=(X=0.000 Y=3400.000 Z=0.000), Max=(X=3000.000 Y=3500.000 Z=400.000) RuntimeGrid:None EditorOnly:0 RuntimeOnly:0 HLODRelevant:1 ListedInSceneOutliner:1 IsMainWorldOnly:0 FolderPath:Playground FolderGuid:8746DDAD42A18A3736DBE9BBB77675E5
 |   |   |- Guid:FF1D2D4D4D1180CAF8AE1785DB4EFE6B BaseClass: NativeClass:/Script/Engine.StaticMeshActor Name:StaticMeshActor_UAID_2CF05D8673CAE15A02_1452398146 Label:struct_floor_normal9 SpatiallyLoaded:1 Bounds:IsValid=true, Min=(X=2245.000 Y=1825.000 Z=-30.000), Max=(X=2495.000 Y=2075.000 Z=20.000) RuntimeGrid:None EditorOnly:0 RuntimeOnly:0 HLODRelevant:1 ListedInSceneOutliner:1 IsMainWorldOnly:0
 |   |- [+] Clusters:
 |   |   |- [+] [  0]
 |   |   |   |- Guid:07810DB5476552C6ECC207B8FBE94500 BaseClass: NativeClass:/Script/Engine.StaticMeshActor Name:StaticMeshActor_UAID_A4AE111137DC5CFB00_1546167071 Label:SM_SkySphere SpatiallyLoaded:0 Bounds:IsValid=true, Min=(X=-1638400.000 Y=-1638400.000 Z=-1638400.000), Max=(X=1638400.000 Y=1638400.000 Z=1638400.000) RuntimeGrid:None EditorOnly:0 RuntimeOnly:0 HLODRelevant:1 ListedInSceneOutliner:1 IsMainWorldOnly:0 FolderPath:Lighting FolderGuid:E13570EE436BA15E35C622BAA5B21164
 |   |   |- [+] [  1]
 |   |   |   |- Guid:0CE0FF864968A834BC3B6DBC446780DE BaseClass: NativeClass:/Script/Engine.StaticMeshActor Name:StaticMeshActor_UAID_2CF05D8673CAE15A02_2017334166 Label:struct_floor_normal29 SpatiallyLoaded:1 Bounds:IsValid=true, Min=(X=2245.000 Y=325.000 Z=-30.000), Max=(X=2495.000 Y=575.000 Z=20.000) RuntimeGrid:None EditorOnly:0 RuntimeOnly:0 HLODRelevant:1 ListedInSceneOutliner:1 IsMainWorldOnly:0
 |   |   |- [+] [  2]
 |   |   |   |- Guid:0EE0E5D1466B2603910C569929142127 BaseClass: NativeClass:/Script/Engine.StaticMeshActor Name:StaticMeshActor_39 Label:SM_Cube5 SpatiallyLoaded:1 Bounds:IsValid=true, Min=(X=-0.000 Y=100.000 Z=0.000), Max=(X=100.000 Y=3400.000 Z=400.000) RuntimeGrid:None EditorOnly:0 RuntimeOnly:0 HLODRelevant:1 ListedInSceneOutliner:1 IsMainWorldOnly:0 FolderPath:Playground FolderGuid:8746DDAD42A18A3736DBE9BBB77675E5
 |   |   |- [+] [  3]
 |   |   |   |- Guid:10AAC4FF47E58DE923EBD48729191142 BaseClass: NativeClass:/Script/Engine.StaticMeshActor Name:StaticMeshActor_UAID_2CF05D8673CAE15A02_1448224145 Label:struct_floor_normal8 SpatiallyLoaded:1 Bounds:IsValid=true, Min=(X=2495.000 Y=1075.000 Z=-30.000), Max=(X=2745.000 Y=1325.000 Z=20.000) RuntimeGrid:None EditorOnly:0 RuntimeOnly:0 HLODRelevant:1 ListedInSceneOutliner:1 IsMainWorldOnly:0
 |   |   |- [+] [  4]
 |   |   |   |- Guid:124EE53143C875A1C4F174B08C31D407 BaseClass: NativeClass:/Script/Engine.SkyAtmosphere Name:SkyAtmosphere_1 Label:SkyAtmosphere SpatiallyLoaded:0 Bounds:IsValid=true, Min=(X=0.000 Y=0.000 Z=1020.000), Max=(X=0.000 Y=0.000 Z=1020.000) RuntimeGrid:None EditorOnly:0 RuntimeOnly:0 HLODRelevant:0 ListedInSceneOutliner:1 IsMainWorldOnly:0 FolderPath:Lighting FolderGuid:E13570EE436BA15E35C622BAA5B21164
 |   |   |- [+] [  5]
 |   |   |   |- Guid:1A013F6D454DDAB5AD8E77B766ED9FAD BaseClass: NativeClass:/Script/Engine.ExponentialHeightFog Name:ExponentialHeightFog_1 Label:ExponentialHeightFog SpatiallyLoaded:0 Bounds:IsValid=true, Min=(X=-5600.000 Y=-50.000 Z=-6850.000), Max=(X=-5600.000 Y=-50.000 Z=-6850.000) RuntimeGrid:None EditorOnly:0 RuntimeOnly:0 HLODRelevant:0 ListedInSceneOutliner:1 IsMainWorldOnly:0 FolderPath:Lighting FolderGuid:E13570EE436BA15E35C622BAA5B21164
 |   |   |- [+] [  6]
 |   |   |   |- Guid:2620EF4E4F5C2AE8A4751EBD3CE0A29A BaseClass: NativeClass:/Script/Engine.StaticMeshActor Name:StaticMeshActor_UAID_2CF05D8673CAE15A02_2017329160 Label:struct_floor_normal23 SpatiallyLoaded:1 Bounds:IsValid=true, Min=(X=2745.000 Y=75.000 Z=-30.000), Max=(X=2995.000 Y=325.000 Z=20.000) RuntimeGrid:None EditorOnly:0 RuntimeOnly:0 HLODRelevant:1 ListedInSceneOutliner:1 IsMainWorldOnly:0
 |   |   |- [+] [  7]
 |   |   |   |- Guid:2D35D16542032F78BA8C8AB1CC4FA726 BaseClass: NativeClass:/Script/Engine.PlayerStart Name:PlayerStart_1 Label:PlayerStart SpatiallyLoaded:0 Bounds:IsValid=true, Min=(X=1270.000 Y=1380.000 Z=120.013), Max=(X=1350.000 Y=1460.000 Z=304.013) RuntimeGrid:None EditorOnly:0 RuntimeOnly:0 HLODRelevant:0 ListedInSceneOutliner:1 IsMainWorldOnly:0
 |   |   |- [+] [  8]
 |   |   |   |- Guid:352CED7D45677D7ABD7CF1BC3D437BBC BaseClass: NativeClass:/Script/Engine.StaticMeshActor Name:StaticMeshActor_UAID_2CF05D8673CAE15A02_2017332163 Label:struct_floor_normal26 SpatiallyLoaded:1 Bounds:IsValid=true, Min=(X=1995.000 Y=825.000 Z=-30.000), Max=(X=2245.000 Y=1075.000 Z=20.000) RuntimeGrid:None EditorOnly:0 RuntimeOnly:0 HLODRelevant:1 ListedInSceneOutliner:1 IsMainWorldOnly:0
 |   |   |- [+] [  9]
 |   |   |   |- Guid:3AA00CC7473B3AB860032482C86F1357 BaseClass: NativeClass:/Script/Engine.SkyLight Name:SkyLight_1 Label:SkyLight SpatiallyLoaded:0 Bounds:IsValid=true, Min=(X=0.000 Y=0.000 Z=690.000), Max=(X=0.000 Y=0.000 Z=690.000) RuntimeGrid:None EditorOnly:0 RuntimeOnly:0 HLODRelevant:0 ListedInSceneOutliner:1 IsMainWorldOnly:0 FolderPath:Lighting FolderGuid:E13570EE436BA15E35C622BAA5B21164
 |   |   |- [+] [ 10]
 |   |   |   |- Guid:3BE74C2446B149C81110A785523E01D6 BaseClass: NativeClass:/Script/Engine.StaticMeshActor Name:StaticMeshActor_UAID_2CF05D8673CAE15A02_2023569178 Label:struct_floor_normal41 SpatiallyLoaded:1 Bounds:IsValid=true, Min=(X=2245.000 Y=2825.000 Z=-30.000), Max=(X=2495.000 Y=3075.000 Z=20.000) RuntimeGrid:None EditorOnly:0 RuntimeOnly:0 HLODRelevant:1 ListedInSceneOutliner:1 IsMainWorldOnly:0
 |   |   |- [+] [ 11]
 |   |   |   |- Guid:3FF16F284193F78FCD2DF1ADBB2511BB BaseClass: NativeClass:/Script/Engine.StaticMeshActor Name:StaticMeshActor_UAID_2CF05D8673CAE15A02_2017324155 Label:struct_floor_normal18 SpatiallyLoaded:1 Bounds:IsValid=true, Min=(X=2495.000 Y=825.000 Z=-30.000), Max=(X=2745.000 Y=1075.000 Z=20.000) RuntimeGrid:None EditorOnly:0 RuntimeOnly:0 HLODRelevant:1 ListedInSceneOutliner:1 IsMainWorldOnly:0
 |   |   |- [+] [ 12]
 |   |   |   |- Guid:4D7DBB804AB63201FB99DBB6E799780A BaseClass: NativeClass:/Script/Engine.StaticMeshActor Name:StaticMeshActor_UAID_2CF05D8673CAE15A02_2017327158 Label:struct_floor_normal21 SpatiallyLoaded:1 Bounds:IsValid=true, Min=(X=2745.000 Y=325.000 Z=-30.000), Max=(X=2995.000 Y=575.000 Z=20.000) RuntimeGrid:None EditorOnly:0 RuntimeOnly:0 HLODRelevant:1 ListedInSceneOutliner:1 IsMainWorldOnly:0
 |   |   |- [+] [ 13]
 |   |   |   |- Guid:4F1C629C4D93C6BDA753BEADFCA12BD5 BaseClass: NativeClass:/Script/Engine.StaticMeshActor Name:StaticMeshActor_UAID_2CF05D8673CAE15A02_1088388136 Label:struct_floor_normal SpatiallyLoaded:1 Bounds:IsValid=true, Min=(X=2745.000 Y=1825.000 Z=-30.000), Max=(X=2995.000 Y=2075.000 Z=20.000) RuntimeGrid:None EditorOnly:0 RuntimeOnly:0 HLODRelevant:1 ListedInSceneOutliner:1 IsMainWorldOnly:0
 |   |   |- [+] [ 14]
 |   |   |   |- Guid:505B4ED943FA99164AF46CAED7EC7B12 BaseClass: NativeClass:/Script/Engine.StaticMeshActor Name:StaticMeshActor_34 Label:SM_Cube SpatiallyLoaded:1 Bounds:IsValid=true, Min=(X=0.000 Y=-10.000 Z=-50.000), Max=(X=3000.000 Y=3490.000 Z=0.000) RuntimeGrid:None EditorOnly:0 RuntimeOnly:0 HLODRelevant:1 ListedInSceneOutliner:1 IsMainWorldOnly:0 FolderPath:Playground FolderGuid:8746DDAD42A18A3736DBE9BBB77675E5
 |   |   |- [+] [ 15]
 |   |   |   |- Guid:53BC3C72427A473D8A6C0E97D5C5A8A6 BaseClass: NativeClass:/Script/Engine.StaticMeshActor Name:StaticMeshActor_UAID_2CF05D8673CAE15A02_1452401149 Label:struct_floor_normal12 SpatiallyLoaded:1 Bounds:IsValid=true, Min=(X=1995.000 Y=1575.000 Z=-30.000), Max=(X=2245.000 Y=1825.000 Z=20.000) RuntimeGrid:None EditorOnly:0 RuntimeOnly:0 HLODRelevant:1 ListedInSceneOutliner:1 IsMainWorldOnly:0
 |   |   |- [+] [ 16]
 |   |   |   |- Guid:5635C4FD44E53D7591C1BCB7FABBC762 BaseClass: NativeClass:/Script/Engine.StaticMeshActor Name:StaticMeshActor_UAID_2CF05D8673CAE15A02_2023574184 Label:struct_floor_normal47 SpatiallyLoaded:1 Bounds:IsValid=true, Min=(X=2245.000 Y=2075.000 Z=-30.000), Max=(X=2495.000 Y=2325.000 Z=20.000) RuntimeGrid:None EditorOnly:0 RuntimeOnly:0 HLODRelevant:1 ListedInSceneOutliner:1 IsMainWorldOnly:0
 |   |   |- [+] [ 17]
 |   |   |   |- Guid:57FAD02D4E64839E0DDBEE822C3369AE BaseClass: NativeClass:/Script/Engine.StaticMeshActor Name:StaticMeshActor_UAID_2CF05D8673CAE15A02_2023566175 Label:struct_floor_normal38 SpatiallyLoaded:1 Bounds:IsValid=true, Min=(X=2495.000 Y=2325.000 Z=-30.000), Max=(X=2745.000 Y=2575.000 Z=20.000) RuntimeGrid:None EditorOnly:0 RuntimeOnly:0 HLODRelevant:1 ListedInSceneOutliner:1 IsMainWorldOnly:0
 |   |   |- [+] [ 18]
 |   |   |   |- Guid:59656BA4439E294139DB159C7974F5B7 BaseClass: NativeClass:/Script/Engine.StaticMeshActor Name:StaticMeshActor_UAID_2CF05D8673CAE15A02_1452401148 Label:struct_floor_normal11 SpatiallyLoaded:1 Bounds:IsValid=true, Min=(X=2245.000 Y=1575.000 Z=-30.000), Max=(X=2495.000 Y=1825.000 Z=20.000) RuntimeGrid:None EditorOnly:0 RuntimeOnly:0 HLODRelevant:1 ListedInSceneOutliner:1 IsMainWorldOnly:0
 |   |   |- [+] [ 19]
 |   |   |   |- Guid:5BD5B09945DC2E5BD35806BD8416C085 BaseClass: NativeClass:/Script/Engine.StaticMeshActor Name:StaticMeshActor_UAID_2CF05D8673CAE15A02_1452405153 Label:struct_floor_normal16 SpatiallyLoaded:1 Bounds:IsValid=true, Min=(X=1995.000 Y=1075.000 Z=-30.000), Max=(X=2245.000 Y=1325.000 Z=20.000) RuntimeGrid:None EditorOnly:0 RuntimeOnly:0 HLODRelevant:1 ListedInSceneOutliner:1 IsMainWorldOnly:0
 |   |   |- [+] [ 20]
 |   |   |   |- Guid:5CEE0D9C4D035352C3268A8991774822 BaseClass: NativeClass:/Script/Engine.StaticMeshActor Name:StaticMeshActor_UAID_2CF05D8673CAE15A02_1307113138 Label:struct_floor_normal3 SpatiallyLoaded:1 Bounds:IsValid=true, Min=(X=2495.000 Y=1825.000 Z=-30.000), Max=(X=2745.000 Y=2075.000 Z=20.000) RuntimeGrid:None EditorOnly:0 RuntimeOnly:0 HLODRelevant:1 ListedInSceneOutliner:1 IsMainWorldOnly:0
 |   |   |- [+] [ 21]
 |   |   |   |- Guid:5E1FB52E4C57A1B7E61B52A49B2AC7A4 BaseClass: NativeClass:/Script/Engine.StaticMeshActor Name:StaticMeshActor_UAID_2CF05D8673CAE15A02_2017335167 Label:struct_floor_normal30 SpatiallyLoaded:1 Bounds:IsValid=true, Min=(X=1995.000 Y=325.000 Z=-30.000), Max=(X=2245.000 Y=575.000 Z=20.000) RuntimeGrid:None EditorOnly:0 RuntimeOnly:0 HLODRelevant:1 ListedInSceneOutliner:1 IsMainWorldOnly:0
 |   |   |- [+] [ 22]
 |   |   |   |- Guid:675B2CB44F89E6BA6303DC985B5BFB1F BaseClass: NativeClass:/Script/Engine.StaticMeshActor Name:StaticMeshActor_UAID_2CF05D8673CAE15A02_2023565174 Label:struct_floor_normal37 SpatiallyLoaded:1 Bounds:IsValid=true, Min=(X=2745.000 Y=2325.000 Z=-30.000), Max=(X=2995.000 Y=2575.000 Z=20.000) RuntimeGrid:None EditorOnly:0 RuntimeOnly:0 HLODRelevant:1 ListedInSceneOutliner:1 IsMainWorldOnly:0
 |   |   |- [+] [ 23]
 |   |   |   |- Guid:6CFE69CB41732F0CDEB04A85666FA67E BaseClass: NativeClass:/Script/Engine.WorldDataLayers Name:WorldDataLayers Label:WorldDataLayers-1 SpatiallyLoaded:0 Bounds:IsValid=true, Min=(X=0.000 Y=0.000 Z=0.000), Max=(X=0.000 Y=0.000 Z=0.000) RuntimeGrid:None EditorOnly:0 RuntimeOnly:0 HLODRelevant:0 ListedInSceneOutliner:1 IsMainWorldOnly:1
 |   |   |- [+] [ 24]
 |   |   |   |- Guid:6EFEB9A747935E5C1D9CCC90537D043C BaseClass: NativeClass:/Script/Engine.StaticMeshActor Name:StaticMeshActor_UAID_2CF05D8673CAE15A02_1452404152 Label:struct_floor_normal15 SpatiallyLoaded:1 Bounds:IsValid=true, Min=(X=2245.000 Y=1075.000 Z=-30.000), Max=(X=2495.000 Y=1325.000 Z=20.000) RuntimeGrid:None EditorOnly:0 RuntimeOnly:0 HLODRelevant:1 ListedInSceneOutliner:1 IsMainWorldOnly:0
 |   |   |- [+] [ 25]
 |   |   |   |- Guid:74C6325D4AA96B7C3C96B88C90980CAF BaseClass: NativeClass:/Script/Engine.StaticMeshActor Name:StaticMeshActor_UAID_2CF05D8673CAE15A02_2023570179 Label:struct_floor_normal42 SpatiallyLoaded:1 Bounds:IsValid=true, Min=(X=1995.000 Y=2825.000 Z=-30.000), Max=(X=2245.000 Y=3075.000 Z=20.000) RuntimeGrid:None EditorOnly:0 RuntimeOnly:0 HLODRelevant:1 ListedInSceneOutliner:1 IsMainWorldOnly:0
 |   |   |- [+] [ 26]
 |   |   |   |- Guid:752F5FE9404877A9CA1AC88AE3AB657D BaseClass: NativeClass:/Script/Engine.StaticMeshActor Name:StaticMeshActor_UAID_2CF05D8673CAE15A02_2023576185 Label:struct_floor_normal48 SpatiallyLoaded:1 Bounds:IsValid=true, Min=(X=1995.000 Y=2075.000 Z=-30.000), Max=(X=2245.000 Y=2325.000 Z=20.000) RuntimeGrid:None EditorOnly:0 RuntimeOnly:0 HLODRelevant:1 ListedInSceneOutliner:1 IsMainWorldOnly:0
 |   |   |- [+] [ 27]
 |   |   |   |- Guid:7C4C646D44873998FDCD20B9A9FDE380 BaseClass: NativeClass:/Script/Engine.StaticMeshActor Name:StaticMeshActor_UAID_2CF05D8673CAE15A02_2017328159 Label:struct_floor_normal22 SpatiallyLoaded:1 Bounds:IsValid=true, Min=(X=2495.000 Y=325.000 Z=-30.000), Max=(X=2745.000 Y=575.000 Z=20.000) RuntimeGrid:None EditorOnly:0 RuntimeOnly:0 HLODRelevant:1 ListedInSceneOutliner:1 IsMainWorldOnly:0
 |   |   |- [+] [ 28]
 |   |   |   |- Guid:88596CFC44B366241B492EAEBB61D564 BaseClass: NativeClass:/Script/Engine.StaticMeshActor Name:StaticMeshActor_UAID_2CF05D8673CAE15A02_2023568177 Label:struct_floor_normal40 SpatiallyLoaded:1 Bounds:IsValid=true, Min=(X=2495.000 Y=2075.000 Z=-30.000), Max=(X=2745.000 Y=2325.000 Z=20.000) RuntimeGrid:None EditorOnly:0 RuntimeOnly:0 HLODRelevant:1 ListedInSceneOutliner:1 IsMainWorldOnly:0
 |   |   |- [+] [ 29]
 |   |   |   |- Guid:8FC08CCE4610FA254B07EABFF4ED05B8 BaseClass: NativeClass:/Script/Engine.StaticMeshActor Name:StaticMeshActor_UAID_2CF05D8673CAE15A02_1444798141 Label:struct_floor_normal4 SpatiallyLoaded:1 Bounds:IsValid=true, Min=(X=2495.000 Y=1575.000 Z=-30.000), Max=(X=2745.000 Y=1825.000 Z=20.000) RuntimeGrid:None EditorOnly:0 RuntimeOnly:0 HLODRelevant:1 ListedInSceneOutliner:1 IsMainWorldOnly:0
 |   |   |- [+] [ 30]
 |   |   |   |- Guid:93EA14524EE6D37B51F076A4A2ECAABE BaseClass: NativeClass:/Script/Engine.StaticMeshActor Name:StaticMeshActor_UAID_2CF05D8673CAE15A02_2023562171 Label:struct_floor_normal34 SpatiallyLoaded:1 Bounds:IsValid=true, Min=(X=2495.000 Y=2825.000 Z=-30.000), Max=(X=2745.000 Y=3075.000 Z=20.000) RuntimeGrid:None EditorOnly:0 RuntimeOnly:0 HLODRelevant:1 ListedInSceneOutliner:1 IsMainWorldOnly:0
 |   |   |- [+] [ 31]
 |   |   |   |- Guid:94B2A93C4F3ADED267EA27827AD5185E BaseClass: NativeClass:/Script/Engine.StaticMeshActor Name:StaticMeshActor_UAID_2CF05D8673CAE15A02_2023573183 Label:struct_floor_normal46 SpatiallyLoaded:1 Bounds:IsValid=true, Min=(X=1995.000 Y=2325.000 Z=-30.000), Max=(X=2245.000 Y=2575.000 Z=20.000) RuntimeGrid:None EditorOnly:0 RuntimeOnly:0 HLODRelevant:1 ListedInSceneOutliner:1 IsMainWorldOnly:0
 |   |   |- [+] [ 32]
 |   |   |   |- Guid:963169944433A544D75FF79A1B9FC159 BaseClass: NativeClass:/Script/NavigationSystem.NavMeshBoundsVolume Name:NavMeshBoundsVolume_1 Label:NavMeshBoundsVolume SpatiallyLoaded:0 Bounds:IsValid=true, Min=(X=-100.000 Y=-100.000 Z=-110.000), Max=(X=3100.000 Y=3600.000 Z=390.000) RuntimeGrid:None EditorOnly:0 RuntimeOnly:0 HLODRelevant:0 ListedInSceneOutliner:1 IsMainWorldOnly:0 FolderPath:Navigation FolderGuid:5FBB7B1041A3902AEFBB4E87AA1D500F
 |   |   |- [+] [ 33]
 |   |   |   |- Guid:A235B9B0424F5B7D3AFF12B7D0EDC04D BaseClass: NativeClass:/Script/Engine.StaticMeshActor Name:StaticMeshActor_UAID_2CF05D8673CAE15A02_1444795140 Label:struct_floor_normal2 SpatiallyLoaded:1 Bounds:IsValid=true, Min=(X=2745.000 Y=1575.000 Z=-30.000), Max=(X=2995.000 Y=1825.000 Z=20.000) RuntimeGrid:None EditorOnly:0 RuntimeOnly:0 HLODRelevant:1 ListedInSceneOutliner:1 IsMainWorldOnly:0
 |   |   |- [+] [ 34]
 |   |   |   |- Guid:A45756D6495C3CBE8AA73EAD039CE983 BaseClass: NativeClass:/Script/Engine.StaticMeshActor Name:StaticMeshActor_35 Label:SM_Cube2 SpatiallyLoaded:1 Bounds:IsValid=true, Min=(X=0.000 Y=0.000 Z=0.000), Max=(X=3000.000 Y=100.000 Z=400.000) RuntimeGrid:None EditorOnly:0 RuntimeOnly:0 HLODRelevant:1 ListedInSceneOutliner:1 IsMainWorldOnly:0 FolderPath:Playground FolderGuid:8746DDAD42A18A3736DBE9BBB77675E5
 |   |   |- [+] [ 35]
 |   |   |   |- Guid:ABADB9564807D84782A777845E21FBCD BaseClass: NativeClass:/Script/Engine.StaticMeshActor Name:StaticMeshActor_UAID_2CF05D8673CAE15A02_1448222143 Label:struct_floor_normal6 SpatiallyLoaded:1 Bounds:IsValid=true, Min=(X=2495.000 Y=1325.000 Z=-30.000), Max=(X=2745.000 Y=1575.000 Z=20.000) RuntimeGrid:None EditorOnly:0 RuntimeOnly:0 HLODRelevant:1 ListedInSceneOutliner:1 IsMainWorldOnly:0
 |   |   |- [+] [ 36]
 |   |   |   |- Guid:B3868A4B41C50D73DA63A9969C41BB81 BaseClass: NativeClass:/Script/Engine.StaticMeshActor Name:StaticMeshActor_UAID_2CF05D8673CAE15A02_1448220142 Label:struct_floor_normal5 SpatiallyLoaded:1 Bounds:IsValid=true, Min=(X=2745.000 Y=1325.000 Z=-30.000), Max=(X=2995.000 Y=1575.000 Z=20.000) RuntimeGrid:None EditorOnly:0 RuntimeOnly:0 HLODRelevant:1 ListedInSceneOutliner:1 IsMainWorldOnly:0
 |   |   |- [+] [ 37]
 |   |   |   |- Guid:B521469A45C0E0DA104F8EACD7A7F4B8 BaseClass: NativeClass:/Script/Engine.StaticMeshActor Name:StaticMeshActor_UAID_2CF05D8673CAE15A02_2023572182 Label:struct_floor_normal45 SpatiallyLoaded:1 Bounds:IsValid=true, Min=(X=2245.000 Y=2325.000 Z=-30.000), Max=(X=2495.000 Y=2575.000 Z=20.000) RuntimeGrid:None EditorOnly:0 RuntimeOnly:0 HLODRelevant:1 ListedInSceneOutliner:1 IsMainWorldOnly:0
 |   |   |- [+] [ 38]
 |   |   |   |- Guid:B6A022D34B9C97E27073FEAB0F42A695 BaseClass: NativeClass:/Script/Engine.CameraActor Name:CameraActor_UAID_2CF05D8673CA335302_1348738124 Label:GameCamera SpatiallyLoaded:1 Bounds:IsValid=true, Min=(X=2140.000 Y=1580.000 Z=60.000), Max=(X=2140.000 Y=1580.000 Z=60.000) RuntimeGrid:None EditorOnly:0 RuntimeOnly:0 HLODRelevant:0 ListedInSceneOutliner:1 IsMainWorldOnly:0
 |   |   |- [+] [ 39]
 |   |   |   |- Guid:B75FA043415C09FEF631EABEFD28A476 BaseClass: NativeClass:/Script/Engine.StaticMeshActor Name:StaticMeshActor_UAID_2CF05D8673CAE15A02_2023567176 Label:struct_floor_normal39 SpatiallyLoaded:1 Bounds:IsValid=true, Min=(X=2745.000 Y=2075.000 Z=-30.000), Max=(X=2995.000 Y=2325.000 Z=20.000) RuntimeGrid:None EditorOnly:0 RuntimeOnly:0 HLODRelevant:1 ListedInSceneOutliner:1 IsMainWorldOnly:0
 |   |   |- [+] [ 40]
 |   |   |   |- Guid:BB0148CE4BBDF2B4C09D52B391BC505F BaseClass: NativeClass:/Script/Engine.StaticMeshActor Name:StaticMeshActor_UAID_2CF05D8673CAE15A02_2017326157 Label:struct_floor_normal20 SpatiallyLoaded:1 Bounds:IsValid=true, Min=(X=2495.000 Y=575.000 Z=-30.000), Max=(X=2745.000 Y=825.000 Z=20.000) RuntimeGrid:None EditorOnly:0 RuntimeOnly:0 HLODRelevant:1 ListedInSceneOutliner:1 IsMainWorldOnly:0
 |   |   |- [+] [ 41]
 |   |   |   |- Guid:BB3DD72B42CABE59D8C569B16E30EC9B BaseClass: NativeClass:/Script/Engine.StaticMeshActor Name:StaticMeshActor_UAID_2CF05D8673CAE15A02_2017325156 Label:struct_floor_normal19 SpatiallyLoaded:1 Bounds:IsValid=true, Min=(X=2745.000 Y=575.000 Z=-30.000), Max=(X=2995.000 Y=825.000 Z=20.000) RuntimeGrid:None EditorOnly:0 RuntimeOnly:0 HLODRelevant:1 ListedInSceneOutliner:1 IsMainWorldOnly:0
 |   |   |- [+] [ 42]
 |   |   |   |- Guid:BB4073714B41E9CCA5C8A38D30E3EB6B BaseClass: NativeClass:/Script/Engine.StaticMeshActor Name:StaticMeshActor_UAID_2CF05D8673CAE15A02_1452403151 Label:struct_floor_normal14 SpatiallyLoaded:1 Bounds:IsValid=true, Min=(X=1995.000 Y=1325.000 Z=-30.000), Max=(X=2245.000 Y=1575.000 Z=20.000) RuntimeGrid:None EditorOnly:0 RuntimeOnly:0 HLODRelevant:1 ListedInSceneOutliner:1 IsMainWorldOnly:0
 |   |   |- [+] [ 43]
 |   |   |   |- Guid:BC0BA1C14A7F25A45057D883635A24CA BaseClass: NativeClass:/Script/Engine.StaticMeshActor Name:StaticMeshActor_UAID_2CF05D8673CAE15A02_1448222144 Label:struct_floor_normal7 SpatiallyLoaded:1 Bounds:IsValid=true, Min=(X=2745.000 Y=1075.000 Z=-30.000), Max=(X=2995.000 Y=1325.000 Z=20.000) RuntimeGrid:None EditorOnly:0 RuntimeOnly:0 HLODRelevant:1 ListedInSceneOutliner:1 IsMainWorldOnly:0
 |   |   |- [+] [ 44]
 |   |   |   |- Guid:BC9F05DA4F26FE20B8ADBEAC803D9E07 BaseClass: NativeClass:/Script/Engine.PostProcessVolume Name:PostProcessVolume_1 Label:PostProcessVolume SpatiallyLoaded:0 Bounds:IsValid=true, Min=(X=0.000 Y=0.000 Z=400.000), Max=(X=200.000 Y=200.000 Z=600.000) RuntimeGrid:None EditorOnly:0 RuntimeOnly:0 HLODRelevant:0 ListedInSceneOutliner:1 IsMainWorldOnly:0 FolderPath:Lighting FolderGuid:E13570EE436BA15E35C622BAA5B21164
 |   |   |- [+] [ 45]
 |   |   |   |- Guid:C1F343BF47546FC406FC86B4815E25C6 BaseClass: NativeClass:/Script/Engine.DirectionalLight Name:DirectionalLight_1 Label:DirectionalLight SpatiallyLoaded:0 Bounds:IsValid=true, Min=(X=-1048576.000 Y=-1048576.000 Z=-1048576.000), Max=(X=1048576.000 Y=1048576.000 Z=1048576.000) RuntimeGrid:None EditorOnly:0 RuntimeOnly:0 HLODRelevant:0 ListedInSceneOutliner:1 IsMainWorldOnly:0 FolderPath:Lighting FolderGuid:E13570EE436BA15E35C622BAA5B21164
 |   |   |- [+] [ 46]
 |   |   |   |- Guid:C34951BF4122F0B4C088C3B5A709BDA6 BaseClass: NativeClass:/Script/Engine.StaticMeshActor Name:StaticMeshActor_UAID_2CF05D8673CAE15A02_2017331162 Label:struct_floor_normal25 SpatiallyLoaded:1 Bounds:IsValid=true, Min=(X=2245.000 Y=825.000 Z=-30.000), Max=(X=2495.000 Y=1075.000 Z=20.000) RuntimeGrid:None EditorOnly:0 RuntimeOnly:0 HLODRelevant:1 ListedInSceneOutliner:1 IsMainWorldOnly:0
 |   |   |- [+] [ 47]
 |   |   |   |- Guid:C934D1C24C022F5805D273B4980504AA BaseClass: NativeClass:/Script/Engine.StaticMeshActor Name:StaticMeshActor_UAID_2CF05D8673CAE15A02_2017333164 Label:struct_floor_normal27 SpatiallyLoaded:1 Bounds:IsValid=true, Min=(X=2245.000 Y=575.000 Z=-30.000), Max=(X=2495.000 Y=825.000 Z=20.000) RuntimeGrid:None EditorOnly:0 RuntimeOnly:0 HLODRelevant:1 ListedInSceneOutliner:1 IsMainWorldOnly:0
 |   |   |- [+] [ 48]
 |   |   |   |- Guid:CA5D8F57409F2BA6009C64BB25330096 BaseClass: NativeClass:/Script/Engine.StaticMeshActor Name:StaticMeshActor_UAID_2CF05D8673CAE15A02_2017336168 Label:struct_floor_normal31 SpatiallyLoaded:1 Bounds:IsValid=true, Min=(X=2245.000 Y=75.000 Z=-30.000), Max=(X=2495.000 Y=325.000 Z=20.000) RuntimeGrid:None EditorOnly:0 RuntimeOnly:0 HLODRelevant:1 ListedInSceneOutliner:1 IsMainWorldOnly:0
 |   |   |- [+] [ 49]
 |   |   |   |- Guid:CDD22A5C4C6960C480FD058C758616DF BaseClass: NativeClass:/Script/Engine.StaticMeshActor Name:StaticMeshActor_UAID_2CF05D8673CAE15A02_2023570180 Label:struct_floor_normal43 SpatiallyLoaded:1 Bounds:IsValid=true, Min=(X=2245.000 Y=2575.000 Z=-30.000), Max=(X=2495.000 Y=2825.000 Z=20.000) RuntimeGrid:None EditorOnly:0 RuntimeOnly:0 HLODRelevant:1 ListedInSceneOutliner:1 IsMainWorldOnly:0
 |   |   |- [+] [ 50]
 |   |   |   |- Guid:D6D546524D7656F702B4E4831F04A03B BaseClass: NativeClass:/Script/Engine.StaticMeshActor Name:StaticMeshActor_UAID_2CF05D8673CAE15A02_2023571181 Label:struct_floor_normal44 SpatiallyLoaded:1 Bounds:IsValid=true, Min=(X=1995.000 Y=2575.000 Z=-30.000), Max=(X=2245.000 Y=2825.000 Z=20.000) RuntimeGrid:None EditorOnly:0 RuntimeOnly:0 HLODRelevant:1 ListedInSceneOutliner:1 IsMainWorldOnly:0
 |   |   |- [+] [ 51]
 |   |   |   |- Guid:D71E638F441AAFB7A5153591F6A0062B BaseClass: NativeClass:/Script/Engine.CameraActor Name:CameraActor_UAID_2CF05D8673CA325302_1186213947 Label:MainMenuCamera SpatiallyLoaded:1 Bounds:IsValid=true, Min=(X=1070.000 Y=360.000 Z=150.000), Max=(X=1070.000 Y=360.000 Z=150.000) RuntimeGrid:None EditorOnly:0 RuntimeOnly:0 HLODRelevant:0 ListedInSceneOutliner:1 IsMainWorldOnly:0
 |   |   |- [+] [ 52]
 |   |   |   |- Guid:D822DE31479CA53A5C4A1581F7F802D4 BaseClass: NativeClass:/Script/Engine.StaticMeshActor Name:StaticMeshActor_UAID_2CF05D8673CAE15A02_1452400147 Label:struct_floor_normal10 SpatiallyLoaded:1 Bounds:IsValid=true, Min=(X=1995.000 Y=1825.000 Z=-30.000), Max=(X=2245.000 Y=2075.000 Z=20.000) RuntimeGrid:None EditorOnly:0 RuntimeOnly:0 HLODRelevant:1 ListedInSceneOutliner:1 IsMainWorldOnly:0
 |   |   |- [+] [ 53]
 |   |   |   |- Guid:D88DBF174F0AAA4A2C9AB9AEC1F0F632 BaseClass: NativeClass:/Script/Engine.StaticMeshActor Name:StaticMeshActor_UAID_2CF05D8673CAE15A02_2023564173 Label:struct_floor_normal36 SpatiallyLoaded:1 Bounds:IsValid=true, Min=(X=2495.000 Y=2575.000 Z=-30.000), Max=(X=2745.000 Y=2825.000 Z=20.000) RuntimeGrid:None EditorOnly:0 RuntimeOnly:0 HLODRelevant:1 ListedInSceneOutliner:1 IsMainWorldOnly:0
 |   |   |- [+] [ 54]
 |   |   |   |- Guid:D8ACB1AB4E5AD4B115EDA2916E330401 BaseClass: NativeClass:/Script/Engine.StaticMeshActor Name:StaticMeshActor_UAID_2CF05D8673CAE15A02_2017321154 Label:struct_floor_normal17 SpatiallyLoaded:1 Bounds:IsValid=true, Min=(X=2745.000 Y=825.000 Z=-30.000), Max=(X=2995.000 Y=1075.000 Z=20.000) RuntimeGrid:None EditorOnly:0 RuntimeOnly:0 HLODRelevant:1 ListedInSceneOutliner:1 IsMainWorldOnly:0
 |   |   |- [+] [ 55]
 |   |   |   |- Guid:DF2E06C642DFB04DA868258FCF0A241D BaseClass: NativeClass:/Script/Engine.StaticMeshActor Name:StaticMeshActor_UAID_2CF05D8673CAE15A02_2017337169 Label:struct_floor_normal32 SpatiallyLoaded:1 Bounds:IsValid=true, Min=(X=1995.000 Y=75.000 Z=-30.000), Max=(X=2245.000 Y=325.000 Z=20.000) RuntimeGrid:None EditorOnly:0 RuntimeOnly:0 HLODRelevant:1 ListedInSceneOutliner:1 IsMainWorldOnly:0
 |   |   |- [+] [ 56]
 |   |   |   |- Guid:E596A11947642E1DE9ECF5815B3B369F BaseClass: NativeClass:/Script/Engine.StaticMeshActor Name:StaticMeshActor_UAID_2CF05D8673CAE15A02_2023560170 Label:struct_floor_normal33 SpatiallyLoaded:1 Bounds:IsValid=true, Min=(X=2745.000 Y=2825.000 Z=-30.000), Max=(X=2995.000 Y=3075.000 Z=20.000) RuntimeGrid:None EditorOnly:0 RuntimeOnly:0 HLODRelevant:1 ListedInSceneOutliner:1 IsMainWorldOnly:0
 |   |   |- [+] [ 57]
 |   |   |   |- Guid:E92B029A43F3DD683C1B2481BF7B68DE BaseClass: NativeClass:/Script/Engine.VolumetricCloud Name:VolumetricCloud_1 Label:VolumetricCloud SpatiallyLoaded:0 Bounds:IsValid=true, Min=(X=0.000 Y=0.000 Z=820.000), Max=(X=0.000 Y=0.000 Z=820.000) RuntimeGrid:None EditorOnly:0 RuntimeOnly:0 HLODRelevant:0 ListedInSceneOutliner:1 IsMainWorldOnly:0 FolderPath:Lighting FolderGuid:E13570EE436BA15E35C622BAA5B21164
 |   |   |- [+] [ 58]
 |   |   |   |- Guid:ED15A9BA4E2CD63A3F036BBD0CBD726A BaseClass: NativeClass:/Script/Engine.StaticMeshActor Name:StaticMeshActor_UAID_2CF05D8673CAE15A02_2017334165 Label:struct_floor_normal28 SpatiallyLoaded:1 Bounds:IsValid=true, Min=(X=1995.000 Y=575.000 Z=-30.000), Max=(X=2245.000 Y=825.000 Z=20.000) RuntimeGrid:None EditorOnly:0 RuntimeOnly:0 HLODRelevant:1 ListedInSceneOutliner:1 IsMainWorldOnly:0
 |   |   |- [+] [ 59]
 |   |   |   |- Guid:F32F4F7F4F80A5D37A5EE09525600F73 BaseClass: NativeClass:/Script/Engine.StaticMeshActor Name:StaticMeshActor_UAID_2CF05D8673CAE15A02_2023563172 Label:struct_floor_normal35 SpatiallyLoaded:1 Bounds:IsValid=true, Min=(X=2745.000 Y=2575.000 Z=-30.000), Max=(X=2995.000 Y=2825.000 Z=20.000) RuntimeGrid:None EditorOnly:0 RuntimeOnly:0 HLODRelevant:1 ListedInSceneOutliner:1 IsMainWorldOnly:0
 |   |   |- [+] [ 60]
 |   |   |   |- Guid:FBFB4FF247729745D1A1EF9C934B7339 BaseClass: NativeClass:/Script/Engine.StaticMeshActor Name:StaticMeshActor_UAID_2CF05D8673CAE15A02_2017330161 Label:struct_floor_normal24 SpatiallyLoaded:1 Bounds:IsValid=true, Min=(X=2495.000 Y=75.000 Z=-30.000), Max=(X=2745.000 Y=325.000 Z=20.000) RuntimeGrid:None EditorOnly:0 RuntimeOnly:0 HLODRelevant:1 ListedInSceneOutliner:1 IsMainWorldOnly:0
 |   |   |- [+] [ 61]
 |   |   |   |- Guid:FD4AF09F4942F6E8F3D8DCB2017D7CF5 BaseClass: NativeClass:/Script/Engine.StaticMeshActor Name:StaticMeshActor_UAID_2CF05D8673CAE15A02_1452402150 Label:struct_floor_normal13 SpatiallyLoaded:1 Bounds:IsValid=true, Min=(X=2245.000 Y=1325.000 Z=-30.000), Max=(X=2495.000 Y=1575.000 Z=20.000) RuntimeGrid:None EditorOnly:0 RuntimeOnly:0 HLODRelevant:1 ListedInSceneOutliner:1 IsMainWorldOnly:0
 |   |   |- [+] [ 62]
 |   |   |   |- Guid:FE4F9F4044D3F2F9C3F6629B135091C3 BaseClass: NativeClass:/Script/Engine.StaticMeshActor Name:StaticMeshActor_36 Label:SM_Cube3 SpatiallyLoaded:1 Bounds:IsValid=true, Min=(X=0.000 Y=3400.000 Z=0.000), Max=(X=3000.000 Y=3500.000 Z=400.000) RuntimeGrid:None EditorOnly:0 RuntimeOnly:0 HLODRelevant:1 ListedInSceneOutliner:1 IsMainWorldOnly:0 FolderPath:Playground FolderGuid:8746DDAD42A18A3736DBE9BBB77675E5
 |   |   |- [+] [ 63]
 |   |   |   |- Guid:FF1D2D4D4D1180CAF8AE1785DB4EFE6B BaseClass: NativeClass:/Script/Engine.StaticMeshActor Name:StaticMeshActor_UAID_2CF05D8673CAE15A02_1452398146 Label:struct_floor_normal9 SpatiallyLoaded:1 Bounds:IsValid=true, Min=(X=2245.000 Y=1825.000 Z=-30.000), Max=(X=2495.000 Y=2075.000 Z=20.000) RuntimeGrid:None EditorOnly:0 RuntimeOnly:0 HLODRelevant:1 ListedInSceneOutliner:1 IsMainWorldOnly:0
 |- ContainerInstances:
 |- [+] MainContainer:
 |   |-        ID: 00000000000000000000000000000000
 |   |-  ParentID: 00000000000000000000000000000000
 |   |-    Bounds: IsValid=false, Min=(X=0.000 Y=0.000 Z=0.000), Max=(X=0.000 Y=0.000 Z=0.000)
 |   |- Transform: 0.000000,0.000000,0.000000|0.000000,0.000000,-0.000000|1.000000,1.000000,1.000000
 |   |- Container: /Game/TopDown/Maps/TopDownMap
----------------------------------------------------------------------------------------------------------------
TopDownMap - Persistent Level
----------------------------------------------------------------------------------------------------------------
[+] Content of TopDownMap Persistent Level
 |- Always loaded Actor Count: 64 
 |- Actor Path: /Game/TopDown/Maps/TopDownMap.TopDownMap:PersistentLevel.CameraActor_UAID_2CF05D8673CA325302_1186213947
 |- Actor Package: /Game/__ExternalActors__/TopDown/Maps/TopDownMap/1/VW/4V5S75PJECQYRAHCMYKDPW
 |- Actor Path: /Game/TopDown/Maps/TopDownMap.TopDownMap:PersistentLevel.CameraActor_UAID_2CF05D8673CA335302_1348738124
 |- Actor Package: /Game/__ExternalActors__/TopDown/Maps/TopDownMap/2/UK/Y18220UTBM47K7CGMNYJ6P
 |- Actor Path: /Game/TopDown/Maps/TopDownMap.TopDownMap:PersistentLevel.DirectionalLight_1
 |- Actor Package: /Game/__ExternalActors__/TopDown/Maps/TopDownMap/A/LM/VRK8UAZR3J2TAKS74SHCUD
 |- Actor Path: /Game/TopDown/Maps/TopDownMap.TopDownMap:PersistentLevel.ExponentialHeightFog_1
 |- Actor Package: /Game/__ExternalActors__/TopDown/Maps/TopDownMap/6/BO/BYV4KSLUROOOL33DU1XUWQ
 |- Actor Path: /Game/TopDown/Maps/TopDownMap.TopDownMap:PersistentLevel.NavMeshBoundsVolume_1
 |- Actor Package: /Game/__ExternalActors__/TopDown/Maps/TopDownMap/0/QS/8AKCSH4RXXQHHQMCR8GO6C
 |- Actor Path: /Game/TopDown/Maps/TopDownMap.TopDownMap:PersistentLevel.PlayerStart_1
 |- Actor Package: /Game/__ExternalActors__/TopDown/Maps/TopDownMap/C/JD/5BHFU0IH6WKMJJHSUWD35N
 |- Actor Path: /Game/TopDown/Maps/TopDownMap.TopDownMap:PersistentLevel.PostProcessVolume_1
 |- Actor Package: /Game/__ExternalActors__/TopDown/Maps/TopDownMap/6/VI/ESHAVRHFZFA2JDR9ZAQIOE
 |- Actor Path: /Game/TopDown/Maps/TopDownMap.TopDownMap:PersistentLevel.SkyAtmosphere_1
 |- Actor Package: /Game/__ExternalActors__/TopDown/Maps/TopDownMap/5/YN/TCNGOWDVRBFBJ5YZR7VI7S
 |- Actor Path: /Game/TopDown/Maps/TopDownMap.TopDownMap:PersistentLevel.SkyLight_1
 |- Actor Package: /Game/__ExternalActors__/TopDown/Maps/TopDownMap/E/LR/47NTFRDFK6M7265A1UYTOW
 |- Actor Path: /Game/TopDown/Maps/TopDownMap.TopDownMap:PersistentLevel.StaticMeshActor_34
 |- Actor Package: /Game/__ExternalActors__/TopDown/Maps/TopDownMap/7/WV/FF6LPDZ0FKKLS0GFFG7RY1
 |- Actor Path: /Game/TopDown/Maps/TopDownMap.TopDownMap:PersistentLevel.StaticMeshActor_35
 |- Actor Package: /Game/__ExternalActors__/TopDown/Maps/TopDownMap/B/AX/QD7MAQAIBJ16OYN5ZXXIUV
 |- Actor Path: /Game/TopDown/Maps/TopDownMap.TopDownMap:PersistentLevel.StaticMeshActor_36
 |- Actor Package: /Game/__ExternalActors__/TopDown/Maps/TopDownMap/8/R7/0I68M8T0K5GQDUX5H3A9IO
 |- Actor Path: /Game/TopDown/Maps/TopDownMap.TopDownMap:PersistentLevel.StaticMeshActor_39
 |- Actor Package: /Game/__ExternalActors__/TopDown/Maps/TopDownMap/5/LH/V6N3G2I7QT53NAD6H1AD04
 |- Actor Path: /Game/TopDown/Maps/TopDownMap.TopDownMap:PersistentLevel.StaticMeshActor_UAID_2CF05D8673CAE15A02_1088388136
 |- Actor Package: /Game/__ExternalActors__/TopDown/Maps/TopDownMap/B/NC/T6646JZSNSQER2U5B88GNO
 |- Actor Path: /Game/TopDown/Maps/TopDownMap.TopDownMap:PersistentLevel.StaticMeshActor_UAID_2CF05D8673CAE15A02_1307113138
 |- Actor Package: /Game/__ExternalActors__/TopDown/Maps/TopDownMap/E/KX/OO6M86C41TACDXY3KWGDK7
 |- Actor Path: /Game/TopDown/Maps/TopDownMap.TopDownMap:PersistentLevel.StaticMeshActor_UAID_2CF05D8673CAE15A02_1444795140
 |- Actor Package: /Game/__ExternalActors__/TopDown/Maps/TopDownMap/A/HF/DFC4FRK3B0AU4WUX0NM1BL
 |- Actor Path: /Game/TopDown/Maps/TopDownMap.TopDownMap:PersistentLevel.StaticMeshActor_UAID_2CF05D8673CAE15A02_1444798141
 |- Actor Package: /Game/__ExternalActors__/TopDown/Maps/TopDownMap/2/J3/0O0E7552IWGSWMZXBRUFQX
 |- Actor Path: /Game/TopDown/Maps/TopDownMap.TopDownMap:PersistentLevel.StaticMeshActor_UAID_2CF05D8673CAE15A02_1448220142
 |- Actor Package: /Game/__ExternalActors__/TopDown/Maps/TopDownMap/8/KM/HB2LXBJ1VVSZQ854V8RKJQ
 |- Actor Path: /Game/TopDown/Maps/TopDownMap.TopDownMap:PersistentLevel.StaticMeshActor_UAID_2CF05D8673CAE15A02_1448222143
 |- Actor Package: /Game/__ExternalActors__/TopDown/Maps/TopDownMap/1/L6/Q4OZTEB0NOVB04Y6KL1OXG
 |- Actor Path: /Game/TopDown/Maps/TopDownMap.TopDownMap:PersistentLevel.StaticMeshActor_UAID_2CF05D8673CAE15A02_1448222144
 |- Actor Package: /Game/__ExternalActors__/TopDown/Maps/TopDownMap/7/CQ/CLJQIK0LEZP0J2AZ03XTBH
 |- Actor Path: /Game/TopDown/Maps/TopDownMap.TopDownMap:PersistentLevel.StaticMeshActor_UAID_2CF05D8673CAE15A02_1448224145
 |- Actor Package: /Game/__ExternalActors__/TopDown/Maps/TopDownMap/4/FG/KUEELKTBQLV5L7L1VFS29V
 |- Actor Path: /Game/TopDown/Maps/TopDownMap.TopDownMap:PersistentLevel.StaticMeshActor_UAID_2CF05D8673CAE15A02_1452398146
 |- Actor Package: /Game/__ExternalActors__/TopDown/Maps/TopDownMap/8/F4/SIP6IL05NSBMVVP36IEQEE
 |- Actor Path: /Game/TopDown/Maps/TopDownMap.TopDownMap:PersistentLevel.StaticMeshActor_UAID_2CF05D8673CAE15A02_1452400147
 |- Actor Package: /Game/__ExternalActors__/TopDown/Maps/TopDownMap/6/IB/BWNNBHLQ9KKQHU9H7NQPVO
 |- Actor Path: /Game/TopDown/Maps/TopDownMap.TopDownMap:PersistentLevel.StaticMeshActor_UAID_2CF05D8673CAE15A02_1452401148
 |- Actor Package: /Game/__ExternalActors__/TopDown/Maps/TopDownMap/A/CL/VE461OQ1YGN29AZ11SFGE2
 |- Actor Path: /Game/TopDown/Maps/TopDownMap.TopDownMap:PersistentLevel.StaticMeshActor_UAID_2CF05D8673CAE15A02_1452401149
 |- Actor Package: /Game/__ExternalActors__/TopDown/Maps/TopDownMap/A/8W/SUHLBR76EPNPYJZK4Y1UPA
 |- Actor Path: /Game/TopDown/Maps/TopDownMap.TopDownMap:PersistentLevel.StaticMeshActor_UAID_2CF05D8673CAE15A02_1452402150
 |- Actor Package: /Game/__ExternalActors__/TopDown/Maps/TopDownMap/E/5P/6GJY6JBC1L8RIJL00JR5T0
 |- Actor Path: /Game/TopDown/Maps/TopDownMap.TopDownMap:PersistentLevel.StaticMeshActor_UAID_2CF05D8673CAE15A02_1452403151
 |- Actor Package: /Game/__ExternalActors__/TopDown/Maps/TopDownMap/4/PF/FPK3I0ZYJYUHEB88110RKJ
 |- Actor Path: /Game/TopDown/Maps/TopDownMap.TopDownMap:PersistentLevel.StaticMeshActor_UAID_2CF05D8673CAE15A02_1452404152
 |- Actor Package: /Game/__ExternalActors__/TopDown/Maps/TopDownMap/9/BI/ZLXJZINRP3AOQUUQKZCOFN
 |- Actor Path: /Game/TopDown/Maps/TopDownMap.TopDownMap:PersistentLevel.StaticMeshActor_UAID_2CF05D8673CAE15A02_1452405153
 |- Actor Package: /Game/__ExternalActors__/TopDown/Maps/TopDownMap/D/ME/R22VYUUAVG55Q3HLDPIXF7
 |- Actor Path: /Game/TopDown/Maps/TopDownMap.TopDownMap:PersistentLevel.StaticMeshActor_UAID_2CF05D8673CAE15A02_2017321154
 |- Actor Package: /Game/__ExternalActors__/TopDown/Maps/TopDownMap/5/AT/NH7UJPOTS07X1LAULCALFR
 |- Actor Path: /Game/TopDown/Maps/TopDownMap.TopDownMap:PersistentLevel.StaticMeshActor_UAID_2CF05D8673CAE15A02_2017324155
 |- Actor Package: /Game/__ExternalActors__/TopDown/Maps/TopDownMap/3/2G/2UC08NTK2L2Y37VDWINPK4
 |- Actor Path: /Game/TopDown/Maps/TopDownMap.TopDownMap:PersistentLevel.StaticMeshActor_UAID_2CF05D8673CAE15A02_2017325156
 |- Actor Package: /Game/__ExternalActors__/TopDown/Maps/TopDownMap/4/64/5W0K38AUL867H8FWBQYLKR
 |- Actor Path: /Game/TopDown/Maps/TopDownMap.TopDownMap:PersistentLevel.StaticMeshActor_UAID_2CF05D8673CAE15A02_2017326157
 |- Actor Package: /Game/__ExternalActors__/TopDown/Maps/TopDownMap/E/9P/DPQGY89SR9WKAIQ28SHCDJ
 |- Actor Path: /Game/TopDown/Maps/TopDownMap.TopDownMap:PersistentLevel.StaticMeshActor_UAID_2CF05D8673CAE15A02_2017327158
 |- Actor Package: /Game/__ExternalActors__/TopDown/Maps/TopDownMap/E/78/880JCHGOHFWVUO6CTLH0RV
 |- Actor Path: /Game/TopDown/Maps/TopDownMap.TopDownMap:PersistentLevel.StaticMeshActor_UAID_2CF05D8673CAE15A02_2017328159
 |- Actor Package: /Game/__ExternalActors__/TopDown/Maps/TopDownMap/8/98/MNTY2AYRMSJXEBQJ3FV3VC
 |- Actor Path: /Game/TopDown/Maps/TopDownMap.TopDownMap:PersistentLevel.StaticMeshActor_UAID_2CF05D8673CAE15A02_2017329160
 |- Actor Package: /Game/__ExternalActors__/TopDown/Maps/TopDownMap/7/C2/OXX831QQKJ457R41SYRJUY
 |- Actor Path: /Game/TopDown/Maps/TopDownMap.TopDownMap:PersistentLevel.StaticMeshActor_UAID_2CF05D8673CAE15A02_2017330161
 |- Actor Package: /Game/__ExternalActors__/TopDown/Maps/TopDownMap/9/8C/75CIKT0KJUB5607FQME1NY
 |- Actor Path: /Game/TopDown/Maps/TopDownMap.TopDownMap:PersistentLevel.StaticMeshActor_UAID_2CF05D8673CAE15A02_2017331162
 |- Actor Package: /Game/__ExternalActors__/TopDown/Maps/TopDownMap/7/CD/QMH1DFFEJQ8YANESJCE02M
 |- Actor Path: /Game/TopDown/Maps/TopDownMap.TopDownMap:PersistentLevel.StaticMeshActor_UAID_2CF05D8673CAE15A02_2017332163
 |- Actor Package: /Game/__ExternalActors__/TopDown/Maps/TopDownMap/4/X0/Z7GBH16IKLAJ5L0NUHRDF3
 |- Actor Path: /Game/TopDown/Maps/TopDownMap.TopDownMap:PersistentLevel.StaticMeshActor_UAID_2CF05D8673CAE15A02_2017333164
 |- Actor Package: /Game/__ExternalActors__/TopDown/Maps/TopDownMap/1/OQ/OMXROF65D7IAYL18W63LX6
 |- Actor Path: /Game/TopDown/Maps/TopDownMap.TopDownMap:PersistentLevel.StaticMeshActor_UAID_2CF05D8673CAE15A02_2017334165
 |- Actor Package: /Game/__ExternalActors__/TopDown/Maps/TopDownMap/C/IQ/NL4XMRMW63LJ8FOE4JT09B
 |- Actor Path: /Game/TopDown/Maps/TopDownMap.TopDownMap:PersistentLevel.StaticMeshActor_UAID_2CF05D8673CAE15A02_2017334166
 |- Actor Package: /Game/__ExternalActors__/TopDown/Maps/TopDownMap/3/YN/XR798C9CLLPZE2XO4J6UZB
 |- Actor Path: /Game/TopDown/Maps/TopDownMap.TopDownMap:PersistentLevel.StaticMeshActor_UAID_2CF05D8673CAE15A02_2017335167
 |- Actor Package: /Game/__ExternalActors__/TopDown/Maps/TopDownMap/A/Z0/OLTTQ9LG6NX8N8AVITEOR1
 |- Actor Path: /Game/TopDown/Maps/TopDownMap.TopDownMap:PersistentLevel.StaticMeshActor_UAID_2CF05D8673CAE15A02_2017336168
 |- Actor Package: /Game/__ExternalActors__/TopDown/Maps/TopDownMap/B/9H/OZW6OPA2UF0F83NHU3NU57
 |- Actor Path: /Game/TopDown/Maps/TopDownMap.TopDownMap:PersistentLevel.StaticMeshActor_UAID_2CF05D8673CAE15A02_2017337169
 |- Actor Package: /Game/__ExternalActors__/TopDown/Maps/TopDownMap/2/IY/ZBAJY096M1AUZTW51WCYL9
 |- Actor Path: /Game/TopDown/Maps/TopDownMap.TopDownMap:PersistentLevel.StaticMeshActor_UAID_2CF05D8673CAE15A02_2023560170
 |- Actor Package: /Game/__ExternalActors__/TopDown/Maps/TopDownMap/6/KE/YNS6OF4C06AS2Q80N6YRTO
 |- Actor Path: /Game/TopDown/Maps/TopDownMap.TopDownMap:PersistentLevel.StaticMeshActor_UAID_2CF05D8673CAE15A02_2023562171
 |- Actor Package: /Game/__ExternalActors__/TopDown/Maps/TopDownMap/B/V3/6PABAFFTJ703NUYU6XM6BR
 |- Actor Path: /Game/TopDown/Maps/TopDownMap.TopDownMap:PersistentLevel.StaticMeshActor_UAID_2CF05D8673CAE15A02_2023563172
 |- Actor Package: /Game/__ExternalActors__/TopDown/Maps/TopDownMap/6/MP/IO1O5L5GCN07XXSGZ8OJMJ
 |- Actor Path: /Game/TopDown/Maps/TopDownMap.TopDownMap:PersistentLevel.StaticMeshActor_UAID_2CF05D8673CAE15A02_2023564173
 |- Actor Package: /Game/__ExternalActors__/TopDown/Maps/TopDownMap/3/YR/PYY0ZAZ8UARSZF0MOVIW8S
 |- Actor Path: /Game/TopDown/Maps/TopDownMap.TopDownMap:PersistentLevel.StaticMeshActor_UAID_2CF05D8673CAE15A02_2023565174
 |- Actor Package: /Game/__ExternalActors__/TopDown/Maps/TopDownMap/3/SS/QHLEYZ4DQYLXOZRL3OQ49C
 |- Actor Path: /Game/TopDown/Maps/TopDownMap.TopDownMap:PersistentLevel.StaticMeshActor_UAID_2CF05D8673CAE15A02_2023566175
 |- Actor Package: /Game/__ExternalActors__/TopDown/Maps/TopDownMap/E/SX/05QSL0A04SG18R4QU8JI82
 |- Actor Path: /Game/TopDown/Maps/TopDownMap.TopDownMap:PersistentLevel.StaticMeshActor_UAID_2CF05D8673CAE15A02_2023567176
 |- Actor Package: /Game/__ExternalActors__/TopDown/Maps/TopDownMap/7/MG/2HG73YAHOYBJU526VQBQT2
 |- Actor Path: /Game/TopDown/Maps/TopDownMap.TopDownMap:PersistentLevel.StaticMeshActor_UAID_2CF05D8673CAE15A02_2023568177
 |- Actor Package: /Game/__ExternalActors__/TopDown/Maps/TopDownMap/4/25/NASXVISLGLDAYDQYHVJP3D
 |- Actor Path: /Game/TopDown/Maps/TopDownMap.TopDownMap:PersistentLevel.StaticMeshActor_UAID_2CF05D8673CAE15A02_2023569178
 |- Actor Package: /Game/__ExternalActors__/TopDown/Maps/TopDownMap/0/3I/23YNI600Z0HBY2K52HNHPE
 |- Actor Path: /Game/TopDown/Maps/TopDownMap.TopDownMap:PersistentLevel.StaticMeshActor_UAID_2CF05D8673CAE15A02_2023570179
 |- Actor Package: /Game/__ExternalActors__/TopDown/Maps/TopDownMap/D/VK/G08NNY5IN5ONILJUQAHTOZ
 |- Actor Path: /Game/TopDown/Maps/TopDownMap.TopDownMap:PersistentLevel.StaticMeshActor_UAID_2CF05D8673CAE15A02_2023570180
 |- Actor Package: /Game/__ExternalActors__/TopDown/Maps/TopDownMap/2/07/0QXGSJ9GH84FSXN2419MRK
 |- Actor Path: /Game/TopDown/Maps/TopDownMap.TopDownMap:PersistentLevel.StaticMeshActor_UAID_2CF05D8673CAE15A02_2023571181
 |- Actor Package: /Game/__ExternalActors__/TopDown/Maps/TopDownMap/9/HE/974AGGY55TTWM982LMWWPI
 |- Actor Path: /Game/TopDown/Maps/TopDownMap.TopDownMap:PersistentLevel.StaticMeshActor_UAID_2CF05D8673CAE15A02_2023572182
 |- Actor Package: /Game/__ExternalActors__/TopDown/Maps/TopDownMap/6/D2/96MAMGZ0URM3MQPUHP39XN
 |- Actor Path: /Game/TopDown/Maps/TopDownMap.TopDownMap:PersistentLevel.StaticMeshActor_UAID_2CF05D8673CAE15A02_2023573183
 |- Actor Package: /Game/__ExternalActors__/TopDown/Maps/TopDownMap/1/BC/7ZE3WSTJJJPZKWADZHYL0A
 |- Actor Path: /Game/TopDown/Maps/TopDownMap.TopDownMap:PersistentLevel.StaticMeshActor_UAID_2CF05D8673CAE15A02_2023574184
 |- Actor Package: /Game/__ExternalActors__/TopDown/Maps/TopDownMap/B/T7/XQ5YO0DZPVPIQCL9XN3MWD
 |- Actor Path: /Game/TopDown/Maps/TopDownMap.TopDownMap:PersistentLevel.StaticMeshActor_UAID_2CF05D8673CAE15A02_2023576185
 |- Actor Package: /Game/__ExternalActors__/TopDown/Maps/TopDownMap/8/WO/SEWSOK9ILCSPLTRIXYGGFL
 |- Actor Path: /Game/TopDown/Maps/TopDownMap.TopDownMap:PersistentLevel.StaticMeshActor_UAID_A4AE111137DC5CFB00_1546167071
 |- Actor Package: /Game/__ExternalActors__/TopDown/Maps/TopDownMap/4/OB/UE797FL8JPMDZ27UFM0IFO
 |- Actor Path: /Game/TopDown/Maps/TopDownMap.TopDownMap:PersistentLevel.VolumetricCloud_1
 |- Actor Package: /Game/__ExternalActors__/TopDown/Maps/TopDownMap/E/SW/R38LZ3VU1OWS6QBVEOT0MO
 |- Actor Path: /Game/TopDown/Maps/TopDownMap.TopDownMap:PersistentLevel.WorldDataLayers
 |- Actor Package: /Game/__ExternalActors__/TopDown/Maps/TopDownMap/A/RN/FHX05LPSBNMAJG3SW97PS7

----------------------------------------------------------------------------------------------------------------
TopDownMap - Runtime Hash Set
----------------------------------------------------------------------------------------------------------------

